2023-02-14 15:23:12,068 INFO  [Logs] MSISDN:5544557235 
2023-02-14 15:23:12,068 INFO  [Logs] Region: NORTHAMERICA 
2023-02-14 15:23:12,068 INFO  [Logs] Data:SMS 
2023-02-14 15:23:12,068 INFO  [Logs] Amount: 1 
2023-02-14 15:31:40,060 INFO  [Logs] MSISDN:5436251366 
2023-02-14 15:31:40,137 INFO  [Logs] Key10 
2023-02-14 15:31:40,138 INFO  [Logs] Region: TURKEY 
2023-02-14 15:31:40,138 INFO  [Logs] Data:NET 
2023-02-14 15:31:40,138 INFO  [Logs] Amount: 434 
2023-02-14 16:00:50,114 INFO  [Logs] MSISDN:5544557223 
2023-02-14 16:00:50,184 INFO  [Logs] Key10 
2023-02-14 16:00:50,184 INFO  [Logs] Region: TURKEY 
2023-02-14 16:00:50,184 INFO  [Logs] Data:VOICE 
2023-02-14 16:00:50,184 INFO  [Logs] Amount: 216 
2023-02-14 16:02:07,949 INFO  [Logs] MSISDN:5436251368 
2023-02-14 16:02:08,005 INFO  [Logs] Key10 
2023-02-14 16:02:08,005 INFO  [Logs] Region: TURKEY 
2023-02-14 16:02:08,005 INFO  [Logs] Data:SMS 
2023-02-14 16:02:08,005 INFO  [Logs] Amount: 1 
2023-02-14 16:03:05,289 INFO  [Logs] MSISDN:5332221166 
2023-02-14 16:03:05,334 INFO  [Logs] Key4 
2023-02-14 16:03:05,334 INFO  [Logs] Region: EUROPE 
2023-02-14 16:03:05,334 INFO  [Logs] Data:SMS 
2023-02-14 16:03:05,334 INFO  [Logs] Amount: 1 
2023-02-14 16:04:17,705 INFO  [Logs] MSISDN:523342323 
2023-02-14 16:04:17,754 INFO  [Logs] Key10 
2023-02-14 16:04:17,754 INFO  [Logs] Region: TURKEY 
2023-02-14 16:04:17,754 INFO  [Logs] Data:VOICE 
2023-02-14 16:04:17,754 INFO  [Logs] Amount: 225 
2023-02-14 16:23:14,594 INFO  [Logs] MSISDN:5436251368 
2023-02-14 16:23:14,664 INFO  [Logs] Key10 
2023-02-14 16:23:14,664 INFO  [Logs] Region: TURKEY 
2023-02-14 16:23:14,664 INFO  [Logs] Data:VOICE 
2023-02-14 16:23:14,664 INFO  [Logs] Amount: 309 
2023-02-14 16:23:14,664 FATAL [Logs] 309 
2023-02-15 12:06:51,097 INFO  [Logs] MSISDN:5554443322 
2023-02-15 12:06:51,164 INFO  [Logs] Key1 
2023-02-15 12:06:51,164 INFO  [Logs] Region: TURKEY 
2023-02-15 12:06:51,164 INFO  [Logs] Data:VOICE 
2023-02-15 12:06:51,164 INFO  [Logs] Amount: 299 
2023-02-15 12:10:26,474 INFO  [Logs] MSISDN:5554443322 
2023-02-15 12:10:26,529 INFO  [Logs] Key1 
2023-02-15 12:10:26,529 INFO  [Logs] Region: TURKEY 
2023-02-15 12:10:26,529 INFO  [Logs] Data:VOICE 
2023-02-15 12:10:26,529 INFO  [Logs] Amount: 55 
2023-02-15 12:10:47,199 INFO  [Logs] MSISDN:5446667788 
2023-02-15 12:10:47,260 INFO  [Logs] Key2 
2023-02-15 12:10:47,261 INFO  [Logs] Region: TURKEY 
2023-02-15 12:10:47,261 INFO  [Logs] Data:SMS 
2023-02-15 12:10:47,261 INFO  [Logs] Amount: 1 
2023-02-15 14:04:48,818 INFO  [Logs] MSISDN:5398329014 
2023-02-15 14:04:48,912 INFO  [Logs] Key4 
2023-02-15 14:04:48,912 INFO  [Logs] Region: EUROPE 
2023-02-15 14:04:48,912 INFO  [Logs] Data:SMS 
2023-02-15 14:04:48,912 INFO  [Logs] Amount: 1 
2023-02-15 14:05:58,502 INFO  [Logs] MSISDN:5398329014 
2023-02-15 14:05:58,567 INFO  [Logs] Key4 
2023-02-15 14:05:58,571 INFO  [Logs] Region: OTHER 
2023-02-15 14:05:58,571 INFO  [Logs] Data:SMS 
2023-02-15 14:05:58,571 INFO  [Logs] Amount: 1 
2023-02-15 14:12:14,728 INFO  [Logs] MSISDN:5554443322 
2023-02-15 14:12:14,794 INFO  [Logs] Key1 
2023-02-15 14:12:14,794 INFO  [Logs] Region: NORTHAMERICA 
2023-02-15 14:12:14,794 INFO  [Logs] Data:NET 
2023-02-15 14:12:14,794 INFO  [Logs] Amount: 842 
2023-02-15 14:15:11,248 INFO  [Logs] MSISDN:5554443322 
2023-02-15 14:15:11,307 INFO  [Logs] Key1 
2023-02-15 14:15:11,307 INFO  [Logs] Region: ASSIA 
2023-02-15 14:15:11,307 INFO  [Logs] Data:NET 
2023-02-15 14:15:11,307 INFO  [Logs] Amount: 687 
2023-02-15 14:15:46,577 INFO  [Logs] MSISDN:5398329014 
2023-02-15 14:15:46,643 INFO  [Logs] Key4 
2023-02-15 14:15:46,643 INFO  [Logs] Region: TURKEY 
2023-02-15 14:15:46,643 INFO  [Logs] Data:SMS 
2023-02-15 14:15:46,643 INFO  [Logs] Amount: 1 
2023-02-15 14:18:04,307 INFO  [Logs] MSISDN:5332221133 
2023-02-15 14:18:04,367 INFO  [Logs] Key3 
2023-02-15 14:18:04,367 INFO  [Logs] Region: TURKEY 
2023-02-15 14:18:04,367 INFO  [Logs] Data:VOICE 
2023-02-15 14:18:04,367 INFO  [Logs] Amount: 123 
2023-02-15 14:19:21,928 INFO  [Logs] MSISDN:5554443322 
2023-02-15 14:19:21,978 INFO  [Logs] Key1 
2023-02-15 14:19:21,978 INFO  [Logs] Region: TURKEY 
2023-02-15 14:19:21,978 INFO  [Logs] Data:NET 
2023-02-15 14:19:21,978 INFO  [Logs] Amount: 177 
2023-02-15 14:19:45,418 INFO  [Logs] MSISDN:5398329014 
2023-02-15 14:19:45,478 INFO  [Logs] Key4 
2023-02-15 14:19:45,478 INFO  [Logs] Region: TURKEY 
2023-02-15 14:19:45,478 INFO  [Logs] Data:NET 
2023-02-15 14:19:45,482 INFO  [Logs] Amount: 983 
2023-02-15 14:24:32,442 INFO  [Logs] MSISDN:5398329014 
2023-02-15 14:24:32,498 INFO  [Logs] Key4 
2023-02-15 14:24:32,498 INFO  [Logs] Region: TURKEY 
2023-02-15 14:24:32,498 INFO  [Logs] Data:SMS 
2023-02-15 14:24:32,498 INFO  [Logs] Amount: 1 
2023-02-15 14:25:02,667 INFO  [Logs] MSISDN:5398329014 
2023-02-15 14:25:02,733 INFO  [Logs] Key4 
2023-02-15 14:25:02,734 INFO  [Logs] Region: TURKEY 
2023-02-15 14:25:02,734 INFO  [Logs] Data:SMS 
2023-02-15 14:25:02,734 INFO  [Logs] Amount: 1 
2023-02-15 14:25:41,838 INFO  [Logs] MSISDN:5446667788 
2023-02-15 14:25:41,893 INFO  [Logs] Key2 
2023-02-15 14:25:41,898 INFO  [Logs] Region: NORTHAMERICA 
2023-02-15 14:25:41,898 INFO  [Logs] Data:VOICE 
2023-02-15 14:25:41,898 INFO  [Logs] Amount: 301 
2023-02-15 14:26:50,928 INFO  [Logs] MSISDN:5554443322 
2023-02-15 14:26:50,988 INFO  [Logs] Key1 
2023-02-15 14:26:50,988 INFO  [Logs] Region: TURKEY 
2023-02-15 14:26:50,988 INFO  [Logs] Data:SMS 
2023-02-15 14:26:50,988 INFO  [Logs] Amount: 1 
2023-02-15 14:27:34,327 INFO  [Logs] MSISDN:5398329014 
2023-02-15 14:27:34,398 INFO  [Logs] Key4 
2023-02-15 14:27:34,398 INFO  [Logs] Region: TURKEY 
2023-02-15 14:27:34,398 INFO  [Logs] Data:VOICE 
2023-02-15 14:27:34,398 INFO  [Logs] Amount: 9 
2023-02-15 14:30:30,435 INFO  [Logs] MSISDN:5332221133 
2023-02-15 14:30:30,478 INFO  [Logs] Key3 
2023-02-15 14:30:30,478 INFO  [Logs] Region: TURKEY 
2023-02-15 14:30:30,478 INFO  [Logs] Data:SMS 
2023-02-15 14:30:30,478 INFO  [Logs] Amount: 1 
2023-02-15 14:34:09,049 INFO  [Logs] MSISDN:5554443322 
2023-02-15 14:34:09,118 INFO  [Logs] Key1 
2023-02-15 14:34:09,118 INFO  [Logs] Region: TURKEY 
2023-02-15 14:34:09,118 INFO  [Logs] Data:VOICE 
2023-02-15 14:34:09,118 INFO  [Logs] Amount: 214 
2023-02-15 14:36:51,598 INFO  [Logs] MSISDN:5446667788 
2023-02-15 14:36:51,698 INFO  [Logs] Key2 
2023-02-15 14:36:51,698 INFO  [Logs] Region: ASSIA 
2023-02-15 14:36:51,698 INFO  [Logs] Data:NET 
2023-02-15 14:36:51,698 INFO  [Logs] Amount: 994 
2023-02-15 14:39:18,778 INFO  [Logs] MSISDN:5398329014 
2023-02-15 14:39:18,848 INFO  [Logs] Key4 
2023-02-15 14:39:18,848 INFO  [Logs] Region: OTHER 
2023-02-15 14:39:18,848 INFO  [Logs] Data:VOICE 
2023-02-15 14:39:18,848 INFO  [Logs] Amount: 97 
2023-02-15 14:44:23,628 INFO  [Logs] MSISDN:5446667788 
2023-02-15 14:44:23,688 INFO  [Logs] Key2 
2023-02-15 14:44:23,688 INFO  [Logs] Region: ASSIA 
2023-02-15 14:44:23,688 INFO  [Logs] Data:SMS 
2023-02-15 14:44:23,688 INFO  [Logs] Amount: 1 
2023-02-15 14:44:48,149 INFO  [Logs] MSISDN:5332221133 
2023-02-15 14:44:48,210 INFO  [Logs] Key3 
2023-02-15 14:44:48,210 INFO  [Logs] Region: NORTHAMERICA 
2023-02-15 14:44:48,210 INFO  [Logs] Data:SMS 
2023-02-15 14:44:48,210 INFO  [Logs] Amount: 1 
2023-02-15 14:48:39,898 INFO  [Logs] MSISDN:5554443322 
2023-02-15 14:48:39,958 INFO  [Logs] Key1 
2023-02-15 14:48:39,958 INFO  [Logs] Region: TURKEY 
2023-02-15 14:48:39,958 INFO  [Logs] Data:VOICE 
2023-02-15 14:48:39,958 INFO  [Logs] Amount: 245 
2023-02-15 14:49:21,319 INFO  [Logs] MSISDN:5398329014 
2023-02-15 14:49:21,373 INFO  [Logs] Key4 
2023-02-15 14:49:21,373 INFO  [Logs] Region: TURKEY 
2023-02-15 14:49:21,373 INFO  [Logs] Data:NET 
2023-02-15 14:49:21,373 INFO  [Logs] Amount: 327 
2023-02-15 14:49:58,638 INFO  [Logs] MSISDN:5398329014 
2023-02-15 14:49:58,688 INFO  [Logs] Key4 
2023-02-15 14:49:58,688 INFO  [Logs] Region: ASSIA 
2023-02-15 14:49:58,688 INFO  [Logs] Data:VOICE 
2023-02-15 14:49:58,688 INFO  [Logs] Amount: 340 
2023-02-15 14:50:55,168 INFO  [Logs] MSISDN:5332221133 
2023-02-15 14:50:55,218 INFO  [Logs] Key3 
2023-02-15 14:50:55,218 INFO  [Logs] Region: NORTHAMERICA 
2023-02-15 14:50:55,218 INFO  [Logs] Data:VOICE 
2023-02-15 14:50:55,218 INFO  [Logs] Amount: 355 
2023-02-15 14:50:57,598 INFO  [Logs] setALL İÇİNDEYİZ 
2023-02-15 14:50:58,508 INFO  [Logs] setALL İÇİNDEYİZ 
2023-02-15 14:50:58,658 INFO  [Logs] setALL İÇİNDEYİZ 
2023-02-15 14:54:16,229 INFO  [Logs] MSISDN:5446667788 
2023-02-15 14:54:16,289 INFO  [Logs] Key2 
2023-02-15 14:54:16,289 INFO  [Logs] Region: TURKEY 
2023-02-15 14:54:16,289 INFO  [Logs] Data:VOICE 
2023-02-15 14:54:16,289 INFO  [Logs] Amount: 183 
2023-02-15 14:55:55,058 INFO  [Logs] MSISDN:5446667788 
2023-02-15 14:55:55,123 INFO  [Logs] Key2 
2023-02-15 14:55:55,123 INFO  [Logs] Region: EUROPE 
2023-02-15 14:55:55,123 INFO  [Logs] Data:NET 
2023-02-15 14:55:55,123 INFO  [Logs] Amount: 394 
2023-02-15 15:13:22,249 INFO  [Logs] MSISDN:5332221133 
2023-02-15 15:13:22,309 INFO  [Logs] Key3 
2023-02-15 15:13:22,309 INFO  [Logs] Region: OTHER 
2023-02-15 15:13:22,309 INFO  [Logs] Data:SMS 
2023-02-15 15:13:22,309 INFO  [Logs] Amount: 1 
2023-02-15 15:15:19,299 INFO  [Logs] MSISDN: 5398329014 
2023-02-15 15:15:19,299 INFO  [Logs] Key: 5 
2023-02-15 15:15:19,299 INFO  [Logs] Data: SMS 
2023-02-15 15:15:19,299 INFO  [Logs] Amount: 367 
2023-02-15 15:15:19,299 INFO  [Logs] MSISDN: 5398329014 
2023-02-15 15:15:19,299 INFO  [Logs] Key: 5 
2023-02-15 15:15:19,299 INFO  [Logs] Data: SMS 
2023-02-15 15:15:19,299 INFO  [Logs] Amount: 367 
2023-02-15 15:15:19,299 INFO  [Logs] MSISDN: 5398329014 
2023-02-15 15:15:19,299 INFO  [Logs] Key: 5 
2023-02-15 15:15:19,299 INFO  [Logs] Data: SMS 
2023-02-15 15:15:19,299 INFO  [Logs] Amount: 367 
2023-02-15 15:15:19,299 INFO  [Logs] MSISDN: 5398329014 
2023-02-15 15:15:19,299 INFO  [Logs] Key: 5 
2023-02-15 15:15:19,299 INFO  [Logs] Data: SMS 
2023-02-15 15:15:19,299 INFO  [Logs] Amount: 367 
2023-02-15 15:15:19,299 INFO  [Logs] MSISDN: 5398329014 
2023-02-15 15:15:19,299 INFO  [Logs] Key: 5 
2023-02-15 15:15:19,299 INFO  [Logs] Data: SMS 
2023-02-15 15:15:19,299 INFO  [Logs] Amount: 367 
2023-02-15 15:15:19,299 INFO  [Logs] MSISDN: 5398329014 
2023-02-15 15:15:19,299 INFO  [Logs] Key: 5 
2023-02-15 15:15:19,299 INFO  [Logs] Data: SMS 
2023-02-15 15:15:19,299 INFO  [Logs] Amount: 367 
2023-02-15 15:15:19,299 INFO  [Logs] MSISDN: 5398329014 
2023-02-15 15:15:19,299 INFO  [Logs] Key: 5 
2023-02-15 15:15:19,299 INFO  [Logs] Data: SMS 
2023-02-15 15:15:19,299 INFO  [Logs] Amount: 367 
2023-02-15 15:15:19,299 INFO  [Logs] MSISDN: 5398329014 
2023-02-15 15:15:19,299 INFO  [Logs] Key: 5 
2023-02-15 15:15:19,299 INFO  [Logs] Data: SMS 
2023-02-15 15:15:19,299 INFO  [Logs] Amount: 367 
2023-02-15 15:15:19,299 INFO  [Logs] MSISDN: 5398329014 
2023-02-15 15:15:19,299 INFO  [Logs] Key: 5 
2023-02-15 15:15:19,299 INFO  [Logs] Data: SMS 
2023-02-15 15:15:19,299 INFO  [Logs] Amount: 367 
2023-02-15 15:15:19,299 INFO  [Logs] MSISDN: 5398329014 
2023-02-15 15:15:19,299 INFO  [Logs] Key: 5 
2023-02-15 15:15:19,299 INFO  [Logs] Data: SMS 
2023-02-15 15:15:19,299 INFO  [Logs] Amount: 367 
2023-02-15 15:15:19,299 INFO  [Logs] MSISDN: 5398329014 
2023-02-15 15:15:19,299 INFO  [Logs] Key: 5 
2023-02-15 15:15:19,299 INFO  [Logs] Data: SMS 
2023-02-15 15:15:19,299 INFO  [Logs] Amount: 367 
2023-02-15 15:15:19,299 INFO  [Logs] MSISDN: 5398329014 
2023-02-15 15:15:19,299 INFO  [Logs] Key: 5 
2023-02-15 15:15:19,299 INFO  [Logs] Data: SMS 
2023-02-15 15:15:19,299 INFO  [Logs] Amount: 367 
2023-02-15 15:15:19,299 INFO  [Logs] MSISDN: 5398329014 
2023-02-15 15:15:19,299 INFO  [Logs] Key: 5 
2023-02-15 15:15:19,299 INFO  [Logs] Data: SMS 
2023-02-15 15:15:19,299 INFO  [Logs] Amount: 367 
2023-02-15 15:15:19,299 INFO  [Logs] MSISDN: 5398329014 
2023-02-15 15:15:19,299 INFO  [Logs] Key: 5 
2023-02-15 15:15:19,299 INFO  [Logs] Data: SMS 
2023-02-15 15:15:19,299 INFO  [Logs] Amount: 367 
2023-02-15 15:15:19,299 INFO  [Logs] MSISDN: 5398329014 
2023-02-15 15:15:19,299 INFO  [Logs] Key: 5 
2023-02-15 15:15:19,299 INFO  [Logs] Data: SMS 
2023-02-15 15:15:19,299 INFO  [Logs] Amount: 367 
2023-02-15 15:15:19,299 INFO  [Logs] MSISDN: 5398329014 
2023-02-15 15:15:19,299 INFO  [Logs] Key: 5 
2023-02-15 15:15:19,299 INFO  [Logs] Data: SMS 
2023-02-15 15:15:19,299 INFO  [Logs] Amount: 367 
2023-02-15 15:15:19,299 INFO  [Logs] MSISDN: 5398329014 
2023-02-15 15:15:19,299 INFO  [Logs] Key: 5 
2023-02-15 15:15:19,299 INFO  [Logs] Data: SMS 
2023-02-15 15:15:19,299 INFO  [Logs] Amount: 367 
2023-02-15 15:15:19,299 INFO  [Logs] MSISDN: 5398329014 
2023-02-15 15:15:19,299 INFO  [Logs] Key: 5 
2023-02-15 15:15:19,309 INFO  [Logs] Data: SMS 
2023-02-15 15:15:19,309 INFO  [Logs] Amount: 367 
2023-02-15 15:15:19,309 INFO  [Logs] MSISDN: 5398329014 
2023-02-15 15:15:19,309 INFO  [Logs] Key: 5 
2023-02-15 15:15:19,309 INFO  [Logs] Data: SMS 
2023-02-15 15:15:19,309 INFO  [Logs] Amount: 367 
2023-02-15 15:15:19,309 INFO  [Logs] MSISDN: 5398329014 
2023-02-15 15:15:19,309 INFO  [Logs] Key: 5 
2023-02-15 15:15:19,309 INFO  [Logs] Data: SMS 
2023-02-15 15:15:19,309 INFO  [Logs] Amount: 367 
2023-02-15 15:15:19,309 INFO  [Logs] MSISDN: 5398329014 
2023-02-15 15:15:19,309 INFO  [Logs] Key: 5 
2023-02-15 15:15:19,309 INFO  [Logs] Data: SMS 
2023-02-15 15:15:19,309 INFO  [Logs] Amount: 367 
2023-02-15 15:15:19,309 INFO  [Logs] MSISDN: 5398329014 
2023-02-15 15:15:19,309 INFO  [Logs] Key: 5 
2023-02-15 15:15:19,309 INFO  [Logs] Data: SMS 
2023-02-15 15:15:19,309 INFO  [Logs] Amount: 367 
2023-02-15 15:15:19,309 INFO  [Logs] MSISDN: 5398329014 
2023-02-15 15:15:19,309 INFO  [Logs] Key: 5 
2023-02-15 15:15:19,309 INFO  [Logs] Data: SMS 
2023-02-15 15:15:19,309 INFO  [Logs] Amount: 367 
2023-02-15 15:15:19,309 INFO  [Logs] MSISDN: 5398329014 
2023-02-15 15:15:19,309 INFO  [Logs] Key: 5 
2023-02-15 15:15:19,309 INFO  [Logs] Data: SMS 
2023-02-15 15:15:19,309 INFO  [Logs] Amount: 367 
2023-02-15 15:15:19,309 INFO  [Logs] MSISDN: 5398329014 
2023-02-15 15:15:19,309 INFO  [Logs] Key: 5 
2023-02-15 15:15:19,309 INFO  [Logs] Data: SMS 
2023-02-15 15:15:19,309 INFO  [Logs] Amount: 367 
2023-02-15 15:15:19,309 INFO  [Logs] MSISDN: 5398329014 
2023-02-15 15:15:19,309 INFO  [Logs] Key: 5 
2023-02-15 15:15:19,309 INFO  [Logs] Data: SMS 
2023-02-15 15:15:19,309 INFO  [Logs] Amount: 367 
2023-02-15 15:15:19,309 INFO  [Logs] MSISDN: 5398329014 
2023-02-15 15:15:19,309 INFO  [Logs] Key: 5 
2023-02-15 15:15:19,309 INFO  [Logs] Data: SMS 
2023-02-15 15:15:19,309 INFO  [Logs] Amount: 367 
2023-02-15 15:15:19,309 INFO  [Logs] MSISDN: 5398329014 
2023-02-15 15:15:19,309 INFO  [Logs] Key: 5 
2023-02-15 15:15:19,309 INFO  [Logs] Data: SMS 
2023-02-15 15:15:19,309 INFO  [Logs] Amount: 367 
2023-02-15 15:15:19,309 INFO  [Logs] MSISDN: 5398329014 
2023-02-15 15:15:19,309 INFO  [Logs] Key: 5 
2023-02-15 15:15:19,309 INFO  [Logs] Data: SMS 
2023-02-15 15:15:19,309 INFO  [Logs] Amount: 367 
2023-02-15 15:15:19,309 INFO  [Logs] MSISDN: 5398329014 
2023-02-15 15:15:19,309 INFO  [Logs] Key: 5 
2023-02-15 15:15:19,309 INFO  [Logs] Data: SMS 
2023-02-15 15:15:19,309 INFO  [Logs] Amount: 367 
2023-02-15 15:15:19,309 INFO  [Logs] MSISDN: 5398329014 
2023-02-15 15:15:19,309 INFO  [Logs] Key: 5 
2023-02-15 15:15:19,309 INFO  [Logs] Data: SMS 
2023-02-15 15:15:19,309 INFO  [Logs] Amount: 367 
2023-02-15 15:15:19,309 INFO  [Logs] MSISDN: 5398329014 
2023-02-15 15:15:19,309 INFO  [Logs] Key: 5 
2023-02-15 15:15:19,309 INFO  [Logs] Data: SMS 
2023-02-15 15:15:19,309 INFO  [Logs] Amount: 367 
2023-02-15 15:15:19,309 INFO  [Logs] MSISDN: 5398329014 
2023-02-15 15:15:19,309 INFO  [Logs] Key: 5 
2023-02-15 15:15:19,309 INFO  [Logs] Data: SMS 
2023-02-15 15:15:19,309 INFO  [Logs] Amount: 367 
2023-02-15 15:15:19,309 INFO  [Logs] MSISDN: 5398329014 
2023-02-15 15:15:19,309 INFO  [Logs] Key: 5 
2023-02-15 15:15:19,309 INFO  [Logs] Data: SMS 
2023-02-15 15:15:19,309 INFO  [Logs] Amount: 367 
2023-02-15 15:15:19,309 INFO  [Logs] MSISDN: 5398329014 
2023-02-15 15:15:19,309 INFO  [Logs] Key: 5 
2023-02-15 15:15:19,309 INFO  [Logs] Data: SMS 
2023-02-15 15:15:19,309 INFO  [Logs] Amount: 367 
2023-02-15 15:15:19,309 INFO  [Logs] MSISDN: 5398329014 
2023-02-15 15:15:19,309 INFO  [Logs] Key: 5 
2023-02-15 15:15:19,309 INFO  [Logs] Data: SMS 
2023-02-15 15:15:19,309 INFO  [Logs] Amount: 367 
2023-02-15 15:15:19,309 INFO  [Logs] MSISDN: 5398329014 
2023-02-15 15:15:19,309 INFO  [Logs] Key: 5 
2023-02-15 15:15:19,309 INFO  [Logs] Data: SMS 
2023-02-15 15:15:19,309 INFO  [Logs] Amount: 367 
2023-02-15 15:15:19,309 INFO  [Logs] MSISDN: 5398329014 
2023-02-15 15:15:19,309 INFO  [Logs] Key: 5 
2023-02-15 15:15:19,309 INFO  [Logs] Data: SMS 
2023-02-15 15:15:19,309 INFO  [Logs] Amount: 367 
2023-02-15 15:15:19,309 INFO  [Logs] MSISDN: 5398329014 
2023-02-15 15:15:19,309 INFO  [Logs] Key: 5 
2023-02-15 15:15:19,309 INFO  [Logs] Data: SMS 
2023-02-15 15:15:19,309 INFO  [Logs] Amount: 367 
2023-02-15 15:15:19,309 INFO  [Logs] MSISDN: 5398329014 
2023-02-15 15:15:19,309 INFO  [Logs] Key: 5 
2023-02-15 15:15:19,309 INFO  [Logs] Data: SMS 
2023-02-15 15:15:19,309 INFO  [Logs] Amount: 367 
2023-02-15 15:15:19,309 INFO  [Logs] MSISDN: 5398329014 
2023-02-15 15:15:19,309 INFO  [Logs] Key: 5 
2023-02-15 15:15:19,309 INFO  [Logs] Data: SMS 
2023-02-15 15:15:19,309 INFO  [Logs] Amount: 367 
2023-02-15 15:15:19,309 INFO  [Logs] MSISDN: 5398329014 
2023-02-15 15:15:19,309 INFO  [Logs] Key: 5 
2023-02-15 15:15:19,309 INFO  [Logs] Data: SMS 
2023-02-15 15:15:19,309 INFO  [Logs] Amount: 367 
2023-02-15 15:15:19,309 INFO  [Logs] MSISDN: 5398329014 
2023-02-15 15:15:19,309 INFO  [Logs] Key: 5 
2023-02-15 15:15:19,309 INFO  [Logs] Data: SMS 
2023-02-15 15:15:19,309 INFO  [Logs] Amount: 367 
2023-02-15 15:15:19,309 INFO  [Logs] MSISDN: 5398329014 
2023-02-15 15:15:19,309 INFO  [Logs] Key: 5 
2023-02-15 15:15:19,309 INFO  [Logs] Data: SMS 
2023-02-15 15:15:19,309 INFO  [Logs] Amount: 367 
2023-02-15 15:15:19,309 INFO  [Logs] MSISDN: 5398329014 
2023-02-15 15:15:19,309 INFO  [Logs] Key: 5 
2023-02-15 15:15:19,309 INFO  [Logs] Data: SMS 
2023-02-15 15:15:19,309 INFO  [Logs] Amount: 367 
2023-02-15 15:15:19,309 INFO  [Logs] MSISDN: 5398329014 
2023-02-15 15:15:19,309 INFO  [Logs] Key: 5 
2023-02-15 15:15:19,309 INFO  [Logs] Data: SMS 
2023-02-15 15:15:19,309 INFO  [Logs] Amount: 367 
2023-02-15 15:15:19,309 INFO  [Logs] MSISDN: 5398329014 
2023-02-15 15:15:19,309 INFO  [Logs] Key: 5 
2023-02-15 15:15:19,309 INFO  [Logs] Data: SMS 
2023-02-15 15:15:19,309 INFO  [Logs] Amount: 367 
2023-02-15 15:15:19,309 INFO  [Logs] MSISDN: 5398329014 
2023-02-15 15:15:19,309 INFO  [Logs] Key: 5 
2023-02-15 15:15:19,309 INFO  [Logs] Data: SMS 
2023-02-15 15:15:19,309 INFO  [Logs] Amount: 367 
2023-02-15 15:15:19,309 INFO  [Logs] MSISDN: 5398329014 
2023-02-15 15:15:19,309 INFO  [Logs] Key: 5 
2023-02-15 15:15:19,309 INFO  [Logs] Data: SMS 
2023-02-15 15:15:19,309 INFO  [Logs] Amount: 367 
2023-02-15 15:15:19,309 INFO  [Logs] MSISDN: 5398329014 
2023-02-15 15:15:19,309 INFO  [Logs] Key: 5 
2023-02-15 15:15:19,309 INFO  [Logs] Data: SMS 
2023-02-15 15:15:19,309 INFO  [Logs] Amount: 367 
2023-02-15 15:19:46,159 INFO  [Logs] MSISDN:5554443322 
2023-02-15 15:19:46,229 INFO  [Logs] Key1 
2023-02-15 15:19:46,229 INFO  [Logs] Region: TURKEY 
2023-02-15 15:19:46,229 INFO  [Logs] Data:NET 
2023-02-15 15:19:46,229 INFO  [Logs] Amount: 498 
2023-02-15 15:21:03,249 INFO  [Logs] MSISDN:5332221133 
2023-02-15 15:21:03,299 INFO  [Logs] Key3 
2023-02-15 15:21:03,299 INFO  [Logs] Region: EUROPE 
2023-02-15 15:21:03,299 INFO  [Logs] Data:NET 
2023-02-15 15:21:03,299 INFO  [Logs] Amount: 945 
2023-02-15 15:23:04,210 INFO  [Logs] MSISDN: 5332221133 
2023-02-15 15:23:04,210 INFO  [Logs] Key: 3 
2023-02-15 15:23:04,210 INFO  [Logs] Data: VOICE 
2023-02-15 15:23:04,210 INFO  [Logs] Amount: 245 
2023-02-15 15:23:04,210 INFO  [Logs] MSISDN: 5332221133 
2023-02-15 15:23:04,210 INFO  [Logs] Key: 3 
2023-02-15 15:23:04,210 INFO  [Logs] Data: VOICE 
2023-02-15 15:23:04,210 INFO  [Logs] Amount: 245 
2023-02-15 15:23:04,210 INFO  [Logs] MSISDN: 5332221133 
2023-02-15 15:23:04,210 INFO  [Logs] Key: 3 
2023-02-15 15:23:04,210 INFO  [Logs] Data: VOICE 
2023-02-15 15:23:04,210 INFO  [Logs] Amount: 245 
2023-02-15 15:23:04,210 INFO  [Logs] MSISDN: 5332221133 
2023-02-15 15:23:04,210 INFO  [Logs] Key: 3 
2023-02-15 15:23:04,210 INFO  [Logs] Data: VOICE 
2023-02-15 15:23:04,210 INFO  [Logs] Amount: 245 
2023-02-15 15:23:04,210 INFO  [Logs] MSISDN: 5332221133 
2023-02-15 15:23:04,210 INFO  [Logs] Key: 3 
2023-02-15 15:23:04,210 INFO  [Logs] Data: VOICE 
2023-02-15 15:23:04,210 INFO  [Logs] Amount: 245 
2023-02-15 15:23:04,210 INFO  [Logs] MSISDN: 5332221133 
2023-02-15 15:23:04,210 INFO  [Logs] Key: 3 
2023-02-15 15:23:04,210 INFO  [Logs] Data: VOICE 
2023-02-15 15:23:04,210 INFO  [Logs] Amount: 245 
2023-02-15 15:23:04,210 INFO  [Logs] MSISDN: 5332221133 
2023-02-15 15:23:04,210 INFO  [Logs] Key: 3 
2023-02-15 15:23:04,210 INFO  [Logs] Data: VOICE 
2023-02-15 15:23:04,210 INFO  [Logs] Amount: 245 
2023-02-15 15:23:04,210 INFO  [Logs] MSISDN: 5332221133 
2023-02-15 15:23:04,210 INFO  [Logs] Key: 3 
2023-02-15 15:23:04,210 INFO  [Logs] Data: VOICE 
2023-02-15 15:23:04,210 INFO  [Logs] Amount: 245 
2023-02-15 15:23:04,210 INFO  [Logs] MSISDN: 5332221133 
2023-02-15 15:23:04,210 INFO  [Logs] Key: 3 
2023-02-15 15:23:04,210 INFO  [Logs] Data: VOICE 
2023-02-15 15:23:04,210 INFO  [Logs] Amount: 245 
2023-02-15 15:23:04,210 INFO  [Logs] MSISDN: 5332221133 
2023-02-15 15:23:04,210 INFO  [Logs] Key: 3 
2023-02-15 15:23:04,210 INFO  [Logs] Data: VOICE 
2023-02-15 15:23:04,210 INFO  [Logs] Amount: 245 
2023-02-15 15:23:04,210 INFO  [Logs] MSISDN: 5332221133 
2023-02-15 15:23:04,210 INFO  [Logs] Key: 3 
2023-02-15 15:23:04,210 INFO  [Logs] Data: VOICE 
2023-02-15 15:23:04,210 INFO  [Logs] Amount: 245 
2023-02-15 15:23:04,210 INFO  [Logs] MSISDN: 5332221133 
2023-02-15 15:23:04,210 INFO  [Logs] Key: 3 
2023-02-15 15:23:04,210 INFO  [Logs] Data: VOICE 
2023-02-15 15:23:04,210 INFO  [Logs] Amount: 245 
2023-02-15 15:23:04,210 INFO  [Logs] MSISDN: 5332221133 
2023-02-15 15:23:04,210 INFO  [Logs] Key: 3 
2023-02-15 15:23:04,210 INFO  [Logs] Data: VOICE 
2023-02-15 15:23:04,210 INFO  [Logs] Amount: 245 
2023-02-15 15:23:04,210 INFO  [Logs] MSISDN: 5332221133 
2023-02-15 15:23:04,210 INFO  [Logs] Key: 3 
2023-02-15 15:23:04,210 INFO  [Logs] Data: VOICE 
2023-02-15 15:23:04,210 INFO  [Logs] Amount: 245 
2023-02-15 15:23:04,210 INFO  [Logs] MSISDN: 5332221133 
2023-02-15 15:23:04,210 INFO  [Logs] Key: 3 
2023-02-15 15:23:04,210 INFO  [Logs] Data: VOICE 
2023-02-15 15:23:04,210 INFO  [Logs] Amount: 245 
2023-02-15 15:23:04,210 INFO  [Logs] MSISDN: 5332221133 
2023-02-15 15:23:04,210 INFO  [Logs] Key: 3 
2023-02-15 15:23:04,210 INFO  [Logs] Data: VOICE 
2023-02-15 15:23:04,210 INFO  [Logs] Amount: 245 
2023-02-15 15:23:04,210 INFO  [Logs] MSISDN: 5332221133 
2023-02-15 15:23:04,210 INFO  [Logs] Key: 3 
2023-02-15 15:23:04,210 INFO  [Logs] Data: VOICE 
2023-02-15 15:23:04,210 INFO  [Logs] Amount: 245 
2023-02-15 15:23:04,210 INFO  [Logs] MSISDN: 5332221133 
2023-02-15 15:23:04,210 INFO  [Logs] Key: 3 
2023-02-15 15:23:04,210 INFO  [Logs] Data: VOICE 
2023-02-15 15:23:04,210 INFO  [Logs] Amount: 245 
2023-02-15 15:23:04,210 INFO  [Logs] MSISDN: 5332221133 
2023-02-15 15:23:04,210 INFO  [Logs] Key: 3 
2023-02-15 15:23:04,210 INFO  [Logs] Data: VOICE 
2023-02-15 15:23:04,210 INFO  [Logs] Amount: 245 
2023-02-15 15:23:04,210 INFO  [Logs] MSISDN: 5332221133 
2023-02-15 15:23:04,210 INFO  [Logs] Key: 3 
2023-02-15 15:23:04,210 INFO  [Logs] Data: VOICE 
2023-02-15 15:23:04,210 INFO  [Logs] Amount: 245 
2023-02-15 15:23:04,210 INFO  [Logs] MSISDN: 5332221133 
2023-02-15 15:23:04,210 INFO  [Logs] Key: 3 
2023-02-15 15:23:04,210 INFO  [Logs] Data: VOICE 
2023-02-15 15:23:04,210 INFO  [Logs] Amount: 245 
2023-02-15 15:23:04,210 INFO  [Logs] MSISDN: 5332221133 
2023-02-15 15:23:04,210 INFO  [Logs] Key: 3 
2023-02-15 15:23:04,210 INFO  [Logs] Data: VOICE 
2023-02-15 15:23:04,210 INFO  [Logs] Amount: 245 
2023-02-15 15:23:04,210 INFO  [Logs] MSISDN: 5332221133 
2023-02-15 15:23:04,210 INFO  [Logs] Key: 3 
2023-02-15 15:23:04,210 INFO  [Logs] Data: VOICE 
2023-02-15 15:23:04,210 INFO  [Logs] Amount: 245 
2023-02-15 15:23:04,210 INFO  [Logs] MSISDN: 5332221133 
2023-02-15 15:23:04,210 INFO  [Logs] Key: 3 
2023-02-15 15:23:04,210 INFO  [Logs] Data: VOICE 
2023-02-15 15:23:04,210 INFO  [Logs] Amount: 245 
2023-02-15 15:23:04,210 INFO  [Logs] MSISDN: 5332221133 
2023-02-15 15:23:04,210 INFO  [Logs] Key: 3 
2023-02-15 15:23:04,210 INFO  [Logs] Data: VOICE 
2023-02-15 15:23:04,210 INFO  [Logs] Amount: 245 
2023-02-15 15:23:04,210 INFO  [Logs] MSISDN: 5332221133 
2023-02-15 15:23:04,210 INFO  [Logs] Key: 3 
2023-02-15 15:23:04,210 INFO  [Logs] Data: VOICE 
2023-02-15 15:23:04,210 INFO  [Logs] Amount: 245 
2023-02-15 15:23:04,210 INFO  [Logs] MSISDN: 5332221133 
2023-02-15 15:23:04,210 INFO  [Logs] Key: 3 
2023-02-15 15:23:04,210 INFO  [Logs] Data: VOICE 
2023-02-15 15:23:04,210 INFO  [Logs] Amount: 245 
2023-02-15 15:23:04,210 INFO  [Logs] MSISDN: 5332221133 
2023-02-15 15:23:04,210 INFO  [Logs] Key: 3 
2023-02-15 15:23:04,210 INFO  [Logs] Data: VOICE 
2023-02-15 15:23:04,210 INFO  [Logs] Amount: 245 
2023-02-15 15:23:04,210 INFO  [Logs] MSISDN: 5332221133 
2023-02-15 15:23:04,210 INFO  [Logs] Key: 3 
2023-02-15 15:23:04,210 INFO  [Logs] Data: VOICE 
2023-02-15 15:23:04,210 INFO  [Logs] Amount: 245 
2023-02-15 15:23:04,219 INFO  [Logs] MSISDN: 5332221133 
2023-02-15 15:23:04,219 INFO  [Logs] Key: 3 
2023-02-15 15:23:04,219 INFO  [Logs] Data: VOICE 
2023-02-15 15:23:04,219 INFO  [Logs] Amount: 245 
2023-02-15 15:23:04,219 INFO  [Logs] MSISDN: 5332221133 
2023-02-15 15:23:04,219 INFO  [Logs] Key: 3 
2023-02-15 15:23:04,219 INFO  [Logs] Data: VOICE 
2023-02-15 15:23:04,219 INFO  [Logs] Amount: 245 
2023-02-15 15:23:04,219 INFO  [Logs] MSISDN: 5332221133 
2023-02-15 15:23:04,219 INFO  [Logs] Key: 3 
2023-02-15 15:23:04,219 INFO  [Logs] Data: VOICE 
2023-02-15 15:23:04,219 INFO  [Logs] Amount: 245 
2023-02-15 15:23:04,219 INFO  [Logs] MSISDN: 5332221133 
2023-02-15 15:23:04,219 INFO  [Logs] Key: 3 
2023-02-15 15:23:04,219 INFO  [Logs] Data: VOICE 
2023-02-15 15:23:04,219 INFO  [Logs] Amount: 245 
2023-02-15 15:23:04,219 INFO  [Logs] MSISDN: 5332221133 
2023-02-15 15:23:04,219 INFO  [Logs] Key: 3 
2023-02-15 15:23:04,219 INFO  [Logs] Data: VOICE 
2023-02-15 15:23:04,219 INFO  [Logs] Amount: 245 
2023-02-15 15:23:04,219 INFO  [Logs] MSISDN: 5332221133 
2023-02-15 15:23:04,219 INFO  [Logs] Key: 3 
2023-02-15 15:23:04,219 INFO  [Logs] Data: VOICE 
2023-02-15 15:23:04,219 INFO  [Logs] Amount: 245 
2023-02-15 15:23:04,219 INFO  [Logs] MSISDN: 5332221133 
2023-02-15 15:23:04,219 INFO  [Logs] Key: 3 
2023-02-15 15:23:04,219 INFO  [Logs] Data: VOICE 
2023-02-15 15:23:04,219 INFO  [Logs] Amount: 245 
2023-02-15 15:23:04,219 INFO  [Logs] MSISDN: 5332221133 
2023-02-15 15:23:04,219 INFO  [Logs] Key: 3 
2023-02-15 15:23:04,219 INFO  [Logs] Data: VOICE 
2023-02-15 15:23:04,219 INFO  [Logs] Amount: 245 
2023-02-15 15:23:04,219 INFO  [Logs] MSISDN: 5332221133 
2023-02-15 15:23:04,219 INFO  [Logs] Key: 3 
2023-02-15 15:23:04,219 INFO  [Logs] Data: VOICE 
2023-02-15 15:23:04,219 INFO  [Logs] Amount: 245 
2023-02-15 15:23:04,219 INFO  [Logs] MSISDN: 5332221133 
2023-02-15 15:23:04,219 INFO  [Logs] Key: 3 
2023-02-15 15:23:04,219 INFO  [Logs] Data: VOICE 
2023-02-15 15:23:04,219 INFO  [Logs] Amount: 245 
2023-02-15 15:23:04,219 INFO  [Logs] MSISDN: 5332221133 
2023-02-15 15:23:04,219 INFO  [Logs] Key: 3 
2023-02-15 15:23:04,219 INFO  [Logs] Data: VOICE 
2023-02-15 15:23:04,219 INFO  [Logs] Amount: 245 
2023-02-15 15:23:04,219 INFO  [Logs] MSISDN: 5332221133 
2023-02-15 15:23:04,219 INFO  [Logs] Key: 3 
2023-02-15 15:23:04,219 INFO  [Logs] Data: VOICE 
2023-02-15 15:23:04,219 INFO  [Logs] Amount: 245 
2023-02-15 15:23:04,219 INFO  [Logs] MSISDN: 5332221133 
2023-02-15 15:23:04,219 INFO  [Logs] Key: 3 
2023-02-15 15:23:04,219 INFO  [Logs] Data: VOICE 
2023-02-15 15:23:04,219 INFO  [Logs] Amount: 245 
2023-02-15 15:23:04,219 INFO  [Logs] MSISDN: 5332221133 
2023-02-15 15:23:04,219 INFO  [Logs] Key: 3 
2023-02-15 15:23:04,219 INFO  [Logs] Data: VOICE 
2023-02-15 15:23:04,219 INFO  [Logs] Amount: 245 
2023-02-15 15:23:04,219 INFO  [Logs] MSISDN: 5332221133 
2023-02-15 15:23:04,219 INFO  [Logs] Key: 3 
2023-02-15 15:23:04,219 INFO  [Logs] Data: VOICE 
2023-02-15 15:23:04,219 INFO  [Logs] Amount: 245 
2023-02-15 15:23:04,219 INFO  [Logs] MSISDN: 5332221133 
2023-02-15 15:23:04,219 INFO  [Logs] Key: 3 
2023-02-15 15:23:04,219 INFO  [Logs] Data: VOICE 
2023-02-15 15:23:04,219 INFO  [Logs] Amount: 245 
2023-02-15 15:23:04,219 INFO  [Logs] MSISDN: 5332221133 
2023-02-15 15:23:04,219 INFO  [Logs] Key: 3 
2023-02-15 15:23:04,219 INFO  [Logs] Data: VOICE 
2023-02-15 15:23:04,219 INFO  [Logs] Amount: 245 
2023-02-15 15:23:04,219 INFO  [Logs] MSISDN: 5332221133 
2023-02-15 15:23:04,219 INFO  [Logs] Key: 3 
2023-02-15 15:23:04,219 INFO  [Logs] Data: VOICE 
2023-02-15 15:23:04,219 INFO  [Logs] Amount: 245 
2023-02-15 15:23:04,219 INFO  [Logs] MSISDN: 5332221133 
2023-02-15 15:23:04,219 INFO  [Logs] Key: 3 
2023-02-15 15:23:04,219 INFO  [Logs] Data: VOICE 
2023-02-15 15:23:04,219 INFO  [Logs] Amount: 245 
2023-02-15 15:23:04,219 INFO  [Logs] MSISDN: 5332221133 
2023-02-15 15:23:04,219 INFO  [Logs] Key: 3 
2023-02-15 15:23:04,219 INFO  [Logs] Data: VOICE 
2023-02-15 15:23:04,219 INFO  [Logs] Amount: 245 
2023-02-15 15:23:04,219 INFO  [Logs] MSISDN: 5332221133 
2023-02-15 15:23:04,219 INFO  [Logs] Key: 3 
2023-02-15 15:23:04,219 INFO  [Logs] Data: VOICE 
2023-02-15 15:23:04,219 INFO  [Logs] Amount: 245 
2023-02-15 15:41:25,749 INFO  [Logs] MSISDN:5446667788 
2023-02-15 15:41:25,810 INFO  [Logs] Key2 
2023-02-15 15:41:25,810 INFO  [Logs] Region: EUROPE 
2023-02-15 15:41:25,810 INFO  [Logs] Data:NET 
2023-02-15 15:41:25,810 INFO  [Logs] Amount: 986 
2023-02-15 15:41:32,270 INFO  [Logs] MSISDN: 5446667788 
2023-02-15 15:41:32,270 INFO  [Logs] Key: 1 
2023-02-15 15:41:32,270 INFO  [Logs] Data: SMS 
2023-02-15 15:41:32,270 INFO  [Logs] Amount: 274 
2023-02-15 15:41:33,512 INFO  [Logs] MSISDN: 5446667788 
2023-02-15 15:41:33,512 INFO  [Logs] Key: 3 
2023-02-15 15:41:33,512 INFO  [Logs] Data: NET 
2023-02-15 15:41:33,512 INFO  [Logs] Amount: 136 
2023-02-15 15:41:34,760 INFO  [Logs] MSISDN: 5398329014 
2023-02-15 15:41:34,760 INFO  [Logs] Key: 4 
2023-02-15 15:41:34,761 INFO  [Logs] Data: SMS 
2023-02-15 15:41:34,761 INFO  [Logs] Amount: 938 
2023-02-15 15:41:35,994 INFO  [Logs] MSISDN: 5332221133 
2023-02-15 15:41:35,994 INFO  [Logs] Key: 3 
2023-02-15 15:41:35,994 INFO  [Logs] Data: VOICE 
2023-02-15 15:41:35,994 INFO  [Logs] Amount: 715 
2023-02-15 15:41:37,242 INFO  [Logs] MSISDN: 5398329014 
2023-02-15 15:41:37,242 INFO  [Logs] Key: 3 
2023-02-15 15:41:37,243 INFO  [Logs] Data: SMS 
2023-02-15 15:41:37,243 INFO  [Logs] Amount: 764 
2023-02-15 15:41:38,474 INFO  [Logs] MSISDN: 5398329014 
2023-02-15 15:41:38,474 INFO  [Logs] Key: 4 
2023-02-15 15:41:38,474 INFO  [Logs] Data: NET 
2023-02-15 15:41:38,475 INFO  [Logs] Amount: 735 
2023-02-15 15:41:39,710 INFO  [Logs] MSISDN: 5398329014 
2023-02-15 15:41:39,710 INFO  [Logs] Key: 1 
2023-02-15 15:41:39,711 INFO  [Logs] Data: SMS 
2023-02-15 15:41:39,711 INFO  [Logs] Amount: 1 
2023-02-15 15:41:40,942 INFO  [Logs] MSISDN: 5554443322 
2023-02-15 15:41:40,943 INFO  [Logs] Key: 1 
2023-02-15 15:41:40,943 INFO  [Logs] Data: SMS 
2023-02-15 15:41:40,943 INFO  [Logs] Amount: 422 
2023-02-15 15:41:42,177 INFO  [Logs] MSISDN: 5332221133 
2023-02-15 15:41:42,177 INFO  [Logs] Key: 4 
2023-02-15 15:41:42,178 INFO  [Logs] Data: VOICE 
2023-02-15 15:41:42,178 INFO  [Logs] Amount: 1 
2023-02-15 15:41:43,412 INFO  [Logs] MSISDN: 5332221133 
2023-02-15 15:41:43,412 INFO  [Logs] Key: 4 
2023-02-15 15:41:43,413 INFO  [Logs] Data: VOICE 
2023-02-15 15:41:43,413 INFO  [Logs] Amount: 1 
2023-02-15 15:41:44,640 INFO  [Logs] MSISDN: 5554443322 
2023-02-15 15:41:44,640 INFO  [Logs] Key: 3 
2023-02-15 15:41:44,640 INFO  [Logs] Data: NET 
2023-02-15 15:41:44,640 INFO  [Logs] Amount: 652 
2023-02-15 15:41:45,920 INFO  [Logs] MSISDN: 5554443322 
2023-02-15 15:41:45,921 INFO  [Logs] Key: 4 
2023-02-15 15:41:45,921 INFO  [Logs] Data: VOICE 
2023-02-15 15:41:45,921 INFO  [Logs] Amount: 1 
2023-02-15 15:41:47,150 INFO  [Logs] MSISDN: 5554443322 
2023-02-15 15:41:47,150 INFO  [Logs] Key: 3 
2023-02-15 15:41:47,150 INFO  [Logs] Data: VOICE 
2023-02-15 15:41:47,150 INFO  [Logs] Amount: 1 
2023-02-15 15:41:48,379 INFO  [Logs] MSISDN: 5332221133 
2023-02-15 15:41:48,379 INFO  [Logs] Key: 3 
2023-02-15 15:41:48,379 INFO  [Logs] Data: SMS 
2023-02-15 15:41:48,379 INFO  [Logs] Amount: 1 
2023-02-15 15:41:49,611 INFO  [Logs] MSISDN: 5398329014 
2023-02-15 15:41:49,611 INFO  [Logs] Key: 4 
2023-02-15 15:41:49,612 INFO  [Logs] Data: SMS 
2023-02-15 15:41:49,612 INFO  [Logs] Amount: 54 
2023-02-15 15:41:50,840 INFO  [Logs] MSISDN: 5332221133 
2023-02-15 15:41:50,840 INFO  [Logs] Key: 2 
2023-02-15 15:41:50,840 INFO  [Logs] Data: VOICE 
2023-02-15 15:41:50,841 INFO  [Logs] Amount: 131 
2023-02-15 15:41:52,073 INFO  [Logs] MSISDN: 5332221133 
2023-02-15 15:41:52,073 INFO  [Logs] Key: 1 
2023-02-15 15:41:52,074 INFO  [Logs] Data: VOICE 
2023-02-15 15:41:52,074 INFO  [Logs] Amount: 473 
2023-02-15 15:41:53,310 INFO  [Logs] MSISDN: 5398329014 
2023-02-15 15:41:53,310 INFO  [Logs] Key: 3 
2023-02-15 15:41:53,311 INFO  [Logs] Data: VOICE 
2023-02-15 15:41:53,311 INFO  [Logs] Amount: 1 
2023-02-15 15:41:54,543 INFO  [Logs] MSISDN: 5446667788 
2023-02-15 15:41:54,543 INFO  [Logs] Key: 3 
2023-02-15 15:41:54,543 INFO  [Logs] Data: SMS 
2023-02-15 15:41:54,543 INFO  [Logs] Amount: 1 
2023-02-15 15:41:55,790 INFO  [Logs] MSISDN: 5446667788 
2023-02-15 15:41:55,790 INFO  [Logs] Key: 4 
2023-02-15 15:41:55,790 INFO  [Logs] Data: NET 
2023-02-15 15:41:55,790 INFO  [Logs] Amount: 824 
2023-02-15 15:41:57,020 INFO  [Logs] MSISDN: 5332221133 
2023-02-15 15:41:57,020 INFO  [Logs] Key: 2 
2023-02-15 15:41:57,020 INFO  [Logs] Data: NET 
2023-02-15 15:41:57,020 INFO  [Logs] Amount: 876 
2023-02-15 15:41:58,260 INFO  [Logs] MSISDN: 5332221133 
2023-02-15 15:41:58,260 INFO  [Logs] Key: 1 
2023-02-15 15:41:58,260 INFO  [Logs] Data: NET 
2023-02-15 15:41:58,260 INFO  [Logs] Amount: 952 
2023-02-15 15:41:59,490 INFO  [Logs] MSISDN: 5332221133 
2023-02-15 15:41:59,490 INFO  [Logs] Key: 4 
2023-02-15 15:41:59,490 INFO  [Logs] Data: NET 
2023-02-15 15:41:59,490 INFO  [Logs] Amount: 266 
2023-02-15 15:42:00,717 INFO  [Logs] MSISDN: 5398329014 
2023-02-15 15:42:00,717 INFO  [Logs] Key: 1 
2023-02-15 15:42:00,718 INFO  [Logs] Data: NET 
2023-02-15 15:42:00,718 INFO  [Logs] Amount: 1012 
2023-02-15 15:42:01,942 INFO  [Logs] MSISDN: 5398329014 
2023-02-15 15:42:01,942 INFO  [Logs] Key: 3 
2023-02-15 15:42:01,942 INFO  [Logs] Data: SMS 
2023-02-15 15:42:01,942 INFO  [Logs] Amount: 17 
2023-02-15 15:42:03,180 INFO  [Logs] MSISDN: 5554443322 
2023-02-15 15:42:03,180 INFO  [Logs] Key: 4 
2023-02-15 15:42:03,180 INFO  [Logs] Data: SMS 
2023-02-15 15:42:03,180 INFO  [Logs] Amount: 1 
2023-02-15 15:42:04,421 INFO  [Logs] MSISDN: 5332221133 
2023-02-15 15:42:04,421 INFO  [Logs] Key: 4 
2023-02-15 15:42:04,421 INFO  [Logs] Data: VOICE 
2023-02-15 15:42:04,421 INFO  [Logs] Amount: 1 
2023-02-15 15:42:05,650 INFO  [Logs] MSISDN: 5398329014 
2023-02-15 15:42:05,650 INFO  [Logs] Key: 1 
2023-02-15 15:42:05,650 INFO  [Logs] Data: SMS 
2023-02-15 15:42:05,650 INFO  [Logs] Amount: 693 
2023-02-15 15:42:06,873 INFO  [Logs] MSISDN: 5446667788 
2023-02-15 15:42:06,873 INFO  [Logs] Key: 3 
2023-02-15 15:42:06,873 INFO  [Logs] Data: VOICE 
2023-02-15 15:42:06,873 INFO  [Logs] Amount: 1 
2023-02-15 15:42:08,120 INFO  [Logs] MSISDN: 5332221133 
2023-02-15 15:42:08,120 INFO  [Logs] Key: 2 
2023-02-15 15:42:08,120 INFO  [Logs] Data: VOICE 
2023-02-15 15:42:08,120 INFO  [Logs] Amount: 474 
2023-02-15 15:42:09,343 INFO  [Logs] MSISDN: 5398329014 
2023-02-15 15:42:09,343 INFO  [Logs] Key: 2 
2023-02-15 15:42:09,343 INFO  [Logs] Data: NET 
2023-02-15 15:42:09,343 INFO  [Logs] Amount: 922 
2023-02-15 15:42:10,570 INFO  [Logs] MSISDN: 5446667788 
2023-02-15 15:42:10,571 INFO  [Logs] Key: 3 
2023-02-15 15:42:10,571 INFO  [Logs] Data: NET 
2023-02-15 15:42:10,571 INFO  [Logs] Amount: 1 
2023-02-15 15:42:11,797 INFO  [Logs] MSISDN: 5398329014 
2023-02-15 15:42:11,797 INFO  [Logs] Key: 3 
2023-02-15 15:42:11,797 INFO  [Logs] Data: SMS 
2023-02-15 15:42:11,797 INFO  [Logs] Amount: 235 
2023-02-15 15:42:13,024 INFO  [Logs] MSISDN: 5332221133 
2023-02-15 15:42:13,024 INFO  [Logs] Key: 3 
2023-02-15 15:42:13,024 INFO  [Logs] Data: NET 
2023-02-15 15:42:13,024 INFO  [Logs] Amount: 1 
2023-02-15 15:42:14,260 INFO  [Logs] MSISDN: 5398329014 
2023-02-15 15:42:14,260 INFO  [Logs] Key: 2 
2023-02-15 15:42:14,260 INFO  [Logs] Data: VOICE 
2023-02-15 15:42:14,260 INFO  [Logs] Amount: 1 
2023-02-15 15:42:15,490 INFO  [Logs] MSISDN: 5554443322 
2023-02-15 15:42:15,490 INFO  [Logs] Key: 3 
2023-02-15 15:42:15,490 INFO  [Logs] Data: NET 
2023-02-15 15:42:15,490 INFO  [Logs] Amount: 386 
2023-02-15 15:42:16,730 INFO  [Logs] MSISDN: 5398329014 
2023-02-15 15:42:16,730 INFO  [Logs] Key: 4 
2023-02-15 15:42:16,730 INFO  [Logs] Data: NET 
2023-02-15 15:42:16,730 INFO  [Logs] Amount: 307 
2023-02-15 15:42:17,962 INFO  [Logs] MSISDN: 5332221133 
2023-02-15 15:42:17,962 INFO  [Logs] Key: 3 
2023-02-15 15:42:17,962 INFO  [Logs] Data: VOICE 
2023-02-15 15:42:17,962 INFO  [Logs] Amount: 1 
2023-02-15 15:42:19,200 INFO  [Logs] MSISDN: 5398329014 
2023-02-15 15:42:19,200 INFO  [Logs] Key: 3 
2023-02-15 15:42:19,200 INFO  [Logs] Data: SMS 
2023-02-15 15:42:19,200 INFO  [Logs] Amount: 1 
2023-02-15 15:42:20,440 INFO  [Logs] MSISDN: 5398329014 
2023-02-15 15:42:20,440 INFO  [Logs] Key: 4 
2023-02-15 15:42:20,440 INFO  [Logs] Data: NET 
2023-02-15 15:42:20,440 INFO  [Logs] Amount: 338 
2023-02-15 15:42:21,690 INFO  [Logs] MSISDN: 5554443322 
2023-02-15 15:42:21,690 INFO  [Logs] Key: 1 
2023-02-15 15:42:21,690 INFO  [Logs] Data: NET 
2023-02-15 15:42:21,690 INFO  [Logs] Amount: 875 
2023-02-15 15:42:22,930 INFO  [Logs] MSISDN: 5446667788 
2023-02-15 15:42:22,930 INFO  [Logs] Key: 1 
2023-02-15 15:42:22,930 INFO  [Logs] Data: VOICE 
2023-02-15 15:42:22,930 INFO  [Logs] Amount: 764 
2023-02-15 15:42:24,163 INFO  [Logs] MSISDN: 5554443322 
2023-02-15 15:42:24,163 INFO  [Logs] Key: 1 
2023-02-15 15:42:24,163 INFO  [Logs] Data: SMS 
2023-02-15 15:42:24,163 INFO  [Logs] Amount: 76 
2023-02-15 15:42:25,460 INFO  [Logs] MSISDN: 5332221133 
2023-02-15 15:42:25,460 INFO  [Logs] Key: 1 
2023-02-15 15:42:25,460 INFO  [Logs] Data: VOICE 
2023-02-15 15:42:25,460 INFO  [Logs] Amount: 183 
2023-02-15 15:42:26,780 INFO  [Logs] MSISDN: 5446667788 
2023-02-15 15:42:26,780 INFO  [Logs] Key: 4 
2023-02-15 15:42:26,780 INFO  [Logs] Data: NET 
2023-02-15 15:42:26,780 INFO  [Logs] Amount: 698 
2023-02-15 15:42:28,010 INFO  [Logs] MSISDN: 5446667788 
2023-02-15 15:42:28,010 INFO  [Logs] Key: 3 
2023-02-15 15:42:28,010 INFO  [Logs] Data: NET 
2023-02-15 15:42:28,010 INFO  [Logs] Amount: 330 
2023-02-15 15:42:29,260 INFO  [Logs] MSISDN: 5446667788 
2023-02-15 15:42:29,260 INFO  [Logs] Key: 3 
2023-02-15 15:42:29,260 INFO  [Logs] Data: NET 
2023-02-15 15:42:29,260 INFO  [Logs] Amount: 1 
2023-02-15 15:42:30,500 INFO  [Logs] MSISDN: 5398329014 
2023-02-15 15:42:30,500 INFO  [Logs] Key: 3 
2023-02-15 15:42:30,500 INFO  [Logs] Data: VOICE 
2023-02-15 15:42:30,500 INFO  [Logs] Amount: 85 
2023-02-15 15:42:31,730 INFO  [Logs] MSISDN: 5554443322 
2023-02-15 15:42:31,730 INFO  [Logs] Key: 2 
2023-02-15 15:42:31,730 INFO  [Logs] Data: VOICE 
2023-02-15 15:42:31,730 INFO  [Logs] Amount: 972 
2023-02-15 15:42:32,970 INFO  [Logs] MSISDN: 5332221133 
2023-02-15 15:42:32,970 INFO  [Logs] Key: 1 
2023-02-15 15:42:32,970 INFO  [Logs] Data: NET 
2023-02-15 15:42:32,970 INFO  [Logs] Amount: 1 
2023-02-15 18:01:30,743 INFO  [Logs] MSISDN:5554443322 
2023-02-15 18:01:30,803 INFO  [Logs] Key1 
2023-02-15 18:01:30,803 INFO  [Logs] Region: TURKEY 
2023-02-15 18:01:30,803 INFO  [Logs] Data:DATA 
2023-02-15 18:01:30,803 INFO  [Logs] Amount: 822 
2023-02-15 18:03:54,266 INFO  [Logs] MSISDN: 5398329014 
2023-02-15 18:03:54,266 INFO  [Logs] Key: 3 
2023-02-15 18:03:54,266 INFO  [Logs] Data: DATA 
2023-02-15 18:03:54,266 INFO  [Logs] Amount: 1 
2023-02-15 18:03:55,495 INFO  [Logs] MSISDN: 4444444444 
2023-02-15 18:03:55,495 INFO  [Logs] Key: 2 
2023-02-15 18:03:55,495 INFO  [Logs] Data: SMS 
2023-02-15 18:03:55,496 INFO  [Logs] Amount: 261 
2023-02-15 18:03:56,770 INFO  [Logs] MSISDN: 5554443322 
2023-02-15 18:03:56,770 INFO  [Logs] Key: 0 
2023-02-15 18:03:56,770 INFO  [Logs] Data: DATA 
2023-02-15 18:03:56,770 INFO  [Logs] Amount: 239 
2023-02-15 18:03:58,083 INFO  [Logs] MSISDN: 543543333 
2023-02-15 18:03:58,083 INFO  [Logs] Key: 0 
2023-02-15 18:03:58,083 INFO  [Logs] Data: DATA 
2023-02-15 18:03:58,083 INFO  [Logs] Amount: 356 
2023-02-15 18:03:59,361 INFO  [Logs] MSISDN: 433434334 
2023-02-15 18:03:59,361 INFO  [Logs] Key: 0 
2023-02-15 18:03:59,361 INFO  [Logs] Data: SMS 
2023-02-15 18:03:59,361 INFO  [Logs] Amount: 1 
2023-02-15 18:04:00,622 INFO  [Logs] MSISDN: 545555555 
2023-02-15 18:04:00,622 INFO  [Logs] Key: 0 
2023-02-15 18:04:00,622 INFO  [Logs] Data: SMS 
2023-02-15 18:04:00,623 INFO  [Logs] Amount: 44 
2023-02-15 18:04:01,866 INFO  [Logs] MSISDN: 3453534534534 
2023-02-15 18:04:01,866 INFO  [Logs] Key: 0 
2023-02-15 18:04:01,866 INFO  [Logs] Data: DATA 
2023-02-15 18:04:01,866 INFO  [Logs] Amount: 1 
2023-02-15 18:04:03,103 INFO  [Logs] MSISDN: 433434334 
2023-02-15 18:04:03,104 INFO  [Logs] Key: 0 
2023-02-15 18:04:03,104 INFO  [Logs] Data: DATA 
2023-02-15 18:04:03,104 INFO  [Logs] Amount: 1 
2023-02-15 18:04:04,337 INFO  [Logs] MSISDN: 5435333332 
2023-02-15 18:04:04,337 INFO  [Logs] Key: 0 
2023-02-15 18:04:04,337 INFO  [Logs] Data: DATA 
2023-02-15 18:04:04,337 INFO  [Logs] Amount: 52 
2023-02-15 18:04:05,580 INFO  [Logs] MSISDN: 5436251344 
2023-02-15 18:04:05,580 INFO  [Logs] Key: 0 
2023-02-15 18:04:05,580 INFO  [Logs] Data: VOICE 
2023-02-15 18:04:05,580 INFO  [Logs] Amount: 238 
2023-02-15 18:04:06,844 INFO  [Logs] MSISDN: 5446667788 
2023-02-15 18:04:06,844 INFO  [Logs] Key: 0 
2023-02-15 18:04:06,844 INFO  [Logs] Data: SMS 
2023-02-15 18:04:06,845 INFO  [Logs] Amount: 1 
2023-02-15 18:04:08,087 INFO  [Logs] MSISDN: 545555555 
2023-02-15 18:04:08,087 INFO  [Logs] Key: 4 
2023-02-15 18:04:08,087 INFO  [Logs] Data: VOICE 
2023-02-15 18:04:08,087 INFO  [Logs] Amount: 758 
2023-02-15 18:04:09,337 INFO  [Logs] MSISDN: 433434334 
2023-02-15 18:04:09,337 INFO  [Logs] Key: 0 
2023-02-15 18:04:09,337 INFO  [Logs] Data: SMS 
2023-02-15 18:04:09,337 INFO  [Logs] Amount: 1 
2023-02-15 18:04:10,577 INFO  [Logs] MSISDN: 5554443322 
2023-02-15 18:04:10,577 INFO  [Logs] Key: 0 
2023-02-15 18:04:10,577 INFO  [Logs] Data: VOICE 
2023-02-15 18:04:10,577 INFO  [Logs] Amount: 60 
2023-02-15 18:04:11,808 INFO  [Logs] MSISDN: 543543333 
2023-02-15 18:04:11,808 INFO  [Logs] Key: 0 
2023-02-15 18:04:11,808 INFO  [Logs] Data: DATA 
2023-02-15 18:04:11,808 INFO  [Logs] Amount: 342 
2023-02-15 18:04:13,337 INFO  [Logs] MSISDN: 343334343 
2023-02-15 18:04:13,337 INFO  [Logs] Key: 0 
2023-02-15 18:04:13,337 INFO  [Logs] Data: DATA 
2023-02-15 18:04:13,337 INFO  [Logs] Amount: 1 
2023-02-15 18:04:14,603 INFO  [Logs] MSISDN: 4554534545 
2023-02-15 18:04:14,603 INFO  [Logs] Key: 0 
2023-02-15 18:04:14,603 INFO  [Logs] Data: VOICE 
2023-02-15 18:04:14,603 INFO  [Logs] Amount: 45 
2023-02-15 18:04:15,887 INFO  [Logs] MSISDN: 3333333333 
2023-02-15 18:04:15,887 INFO  [Logs] Key: 0 
2023-02-15 18:04:15,887 INFO  [Logs] Data: SMS 
2023-02-15 18:04:15,887 INFO  [Logs] Amount: 275 
2023-02-15 18:04:17,131 INFO  [Logs] MSISDN: 5446667788 
2023-02-15 18:04:17,131 INFO  [Logs] Key: 0 
2023-02-15 18:04:17,131 INFO  [Logs] Data: DATA 
2023-02-15 18:04:17,131 INFO  [Logs] Amount: 1 
2023-02-15 18:04:18,381 INFO  [Logs] MSISDN: 43533535353 
2023-02-15 18:04:18,381 INFO  [Logs] Key: 3 
2023-02-15 18:04:18,381 INFO  [Logs] Data: DATA 
2023-02-15 18:04:18,381 INFO  [Logs] Amount: 1 
2023-02-15 18:04:19,623 INFO  [Logs] MSISDN: 123414124 
2023-02-15 18:04:19,623 INFO  [Logs] Key: 0 
2023-02-15 18:04:19,623 INFO  [Logs] Data: VOICE 
2023-02-15 18:04:19,623 INFO  [Logs] Amount: 1 
2023-02-15 18:04:20,891 INFO  [Logs] MSISDN: 545555555 
2023-02-15 18:04:20,891 INFO  [Logs] Key: 2 
2023-02-15 18:04:20,891 INFO  [Logs] Data: SMS 
2023-02-15 18:04:20,891 INFO  [Logs] Amount: 210 
2023-02-15 18:04:22,147 INFO  [Logs] MSISDN: 343334343 
2023-02-15 18:04:22,147 INFO  [Logs] Key: 0 
2023-02-15 18:04:22,147 INFO  [Logs] Data: VOICE 
2023-02-15 18:04:22,147 INFO  [Logs] Amount: 796 
2023-02-15 18:04:23,391 INFO  [Logs] MSISDN: 5446667788 
2023-02-15 18:04:23,391 INFO  [Logs] Key: 0 
2023-02-15 18:04:23,391 INFO  [Logs] Data: DATA 
2023-02-15 18:04:23,391 INFO  [Logs] Amount: 1 
2023-02-15 18:04:24,620 INFO  [Logs] MSISDN: 123 
2023-02-15 18:04:24,621 INFO  [Logs] Key: 0 
2023-02-15 18:04:24,621 INFO  [Logs] Data: SMS 
2023-02-15 18:04:24,621 INFO  [Logs] Amount: 468 
2023-02-15 18:04:25,871 INFO  [Logs] MSISDN: 123414124 
2023-02-15 18:04:25,871 INFO  [Logs] Key: 0 
2023-02-15 18:04:25,871 INFO  [Logs] Data: DATA 
2023-02-15 18:04:25,871 INFO  [Logs] Amount: 1 
2023-02-15 18:04:27,114 INFO  [Logs] MSISDN: 543543333 
2023-02-15 18:04:27,114 INFO  [Logs] Key: 0 
2023-02-15 18:04:27,114 INFO  [Logs] Data: VOICE 
2023-02-15 18:04:27,114 INFO  [Logs] Amount: 1 
2023-02-15 18:04:28,354 INFO  [Logs] MSISDN: 234234234 
2023-02-15 18:04:28,354 INFO  [Logs] Key: 0 
2023-02-15 18:04:28,354 INFO  [Logs] Data: DATA 
2023-02-15 18:04:28,354 INFO  [Logs] Amount: 51 
2023-02-15 18:04:29,603 INFO  [Logs] MSISDN: 5445342423 
2023-02-15 18:04:29,603 INFO  [Logs] Key: 0 
2023-02-15 18:04:29,603 INFO  [Logs] Data: VOICE 
2023-02-15 18:04:29,603 INFO  [Logs] Amount: 1 
2023-02-15 18:04:30,842 INFO  [Logs] MSISDN: 3453534534534 
2023-02-15 18:04:30,843 INFO  [Logs] Key: 0 
2023-02-15 18:04:30,843 INFO  [Logs] Data: VOICE 
2023-02-15 18:04:30,843 INFO  [Logs] Amount: 458 
2023-02-15 18:04:32,080 INFO  [Logs] MSISDN: 3333333333 
2023-02-15 18:04:32,081 INFO  [Logs] Key: 0 
2023-02-15 18:04:32,081 INFO  [Logs] Data: DATA 
2023-02-15 18:04:32,081 INFO  [Logs] Amount: 248 
2023-02-15 18:04:33,357 INFO  [Logs] MSISDN: 34434343 
2023-02-15 18:04:33,357 INFO  [Logs] Key: 0 
2023-02-15 18:04:33,357 INFO  [Logs] Data: SMS 
2023-02-15 18:04:33,357 INFO  [Logs] Amount: 1 
2023-02-15 18:04:34,591 INFO  [Logs] MSISDN: 634344343 
2023-02-15 18:04:34,591 INFO  [Logs] Key: 0 
2023-02-15 18:04:34,591 INFO  [Logs] Data: VOICE 
2023-02-15 18:04:34,591 INFO  [Logs] Amount: 225 
2023-02-15 18:04:35,821 INFO  [Logs] MSISDN: 3453534534 
2023-02-15 18:04:35,821 INFO  [Logs] Key: 0 
2023-02-15 18:04:35,821 INFO  [Logs] Data: VOICE 
2023-02-15 18:04:35,821 INFO  [Logs] Amount: 912 
2023-02-15 18:04:37,053 INFO  [Logs] MSISDN: 545555555 
2023-02-15 18:04:37,053 INFO  [Logs] Key: 4 
2023-02-15 18:04:37,053 INFO  [Logs] Data: VOICE 
2023-02-15 18:04:37,053 INFO  [Logs] Amount: 1 
2023-02-15 18:04:38,284 INFO  [Logs] MSISDN: 4444444444 
2023-02-15 18:04:38,284 INFO  [Logs] Key: 0 
2023-02-15 18:04:38,284 INFO  [Logs] Data: SMS 
2023-02-15 18:04:38,284 INFO  [Logs] Amount: 345 
2023-02-15 18:04:39,521 INFO  [Logs] MSISDN: 4554534545 
2023-02-15 18:04:39,521 INFO  [Logs] Key: 1 
2023-02-15 18:04:39,521 INFO  [Logs] Data: VOICE 
2023-02-15 18:04:39,521 INFO  [Logs] Amount: 1 
2023-02-15 18:04:40,773 INFO  [Logs] MSISDN: 5446667788 
2023-02-15 18:04:40,774 INFO  [Logs] Key: 0 
2023-02-15 18:04:40,774 INFO  [Logs] Data: VOICE 
2023-02-15 18:04:40,774 INFO  [Logs] Amount: 1 
2023-02-15 18:04:42,003 INFO  [Logs] MSISDN: 234234234 
2023-02-15 18:04:42,003 INFO  [Logs] Key: 0 
2023-02-15 18:04:42,003 INFO  [Logs] Data: SMS 
2023-02-15 18:04:42,003 INFO  [Logs] Amount: 62 
2023-02-15 18:04:43,240 INFO  [Logs] MSISDN: 543543333 
2023-02-15 18:04:43,240 INFO  [Logs] Key: 0 
2023-02-15 18:04:43,240 INFO  [Logs] Data: VOICE 
2023-02-15 18:04:43,240 INFO  [Logs] Amount: 322 
2023-02-15 18:04:44,460 INFO  [Logs] MSISDN: 543543333 
2023-02-15 18:04:44,460 INFO  [Logs] Key: 0 
2023-02-15 18:04:44,461 INFO  [Logs] Data: SMS 
2023-02-15 18:04:44,461 INFO  [Logs] Amount: 211 
2023-02-15 18:04:45,701 INFO  [Logs] MSISDN: 543625144 
2023-02-15 18:04:45,701 INFO  [Logs] Key: 0 
2023-02-15 18:04:45,701 INFO  [Logs] Data: SMS 
2023-02-15 18:04:45,701 INFO  [Logs] Amount: 275 
2023-02-15 18:04:46,940 INFO  [Logs] MSISDN: 543625144 
2023-02-15 18:04:46,941 INFO  [Logs] Key: 4 
2023-02-15 18:04:46,941 INFO  [Logs] Data: DATA 
2023-02-15 18:04:46,941 INFO  [Logs] Amount: 545 
2023-02-15 18:04:48,187 INFO  [Logs] MSISDN: 543625144 
2023-02-15 18:04:48,187 INFO  [Logs] Key: 0 
2023-02-15 18:04:48,187 INFO  [Logs] Data: SMS 
2023-02-15 18:04:48,187 INFO  [Logs] Amount: 7 
2023-02-15 18:04:49,431 INFO  [Logs] MSISDN: 3453534534534 
2023-02-15 18:04:49,431 INFO  [Logs] Key: 0 
2023-02-15 18:04:49,431 INFO  [Logs] Data: VOICE 
2023-02-15 18:04:49,431 INFO  [Logs] Amount: 92 
2023-02-15 18:04:50,662 INFO  [Logs] MSISDN: 5554443322 
2023-02-15 18:04:50,662 INFO  [Logs] Key: 0 
2023-02-15 18:04:50,662 INFO  [Logs] Data: SMS 
2023-02-15 18:04:50,662 INFO  [Logs] Amount: 447 
2023-02-15 18:04:51,893 INFO  [Logs] MSISDN: 543625144 
2023-02-15 18:04:51,893 INFO  [Logs] Key: 0 
2023-02-15 18:04:51,893 INFO  [Logs] Data: VOICE 
2023-02-15 18:04:51,893 INFO  [Logs] Amount: 522 
2023-02-15 18:04:53,141 INFO  [Logs] MSISDN: 433434334 
2023-02-15 18:04:53,141 INFO  [Logs] Key: 0 
2023-02-15 18:04:53,141 INFO  [Logs] Data: SMS 
2023-02-15 18:04:53,141 INFO  [Logs] Amount: 93 
2023-02-15 18:04:54,451 INFO  [Logs] MSISDN: 3333333333 
2023-02-15 18:04:54,451 INFO  [Logs] Key: 0 
2023-02-15 18:04:54,451 INFO  [Logs] Data: DATA 
2023-02-15 18:04:54,451 INFO  [Logs] Amount: 877 
2023-02-15 18:04:55,682 INFO  [Logs] MSISDN: 123414124 
2023-02-15 18:04:55,682 INFO  [Logs] Key: 1 
2023-02-15 18:04:55,682 INFO  [Logs] Data: SMS 
2023-02-15 18:04:55,682 INFO  [Logs] Amount: 226 
2023-02-15 18:19:31,483 INFO  [Logs] MSISDN:123 
2023-02-15 18:19:31,548 INFO  [Logs] Key0 
2023-02-15 18:19:31,548 INFO  [Logs] Region: NORTHAMERICA 
2023-02-15 18:19:31,548 INFO  [Logs] Data:VOICE 
2023-02-15 18:19:31,548 INFO  [Logs] Amount: 168 
2023-02-15 18:20:08,046 INFO  [Logs] MSISDN: 4554534545 
2023-02-15 18:20:08,046 INFO  [Logs] Key: 0 
2023-02-15 18:20:08,046 INFO  [Logs] Data: SMS 
2023-02-15 18:20:08,046 INFO  [Logs] Amount: 195 
2023-02-15 18:20:09,284 INFO  [Logs] MSISDN: 5446667788 
2023-02-15 18:20:09,284 INFO  [Logs] Key: 0 
2023-02-15 18:20:09,284 INFO  [Logs] Data: DATA 
2023-02-15 18:20:09,284 INFO  [Logs] Amount: 1 
2023-02-15 18:20:10,541 INFO  [Logs] MSISDN: 34434343 
2023-02-15 18:20:10,541 INFO  [Logs] Key: 0 
2023-02-15 18:20:10,541 INFO  [Logs] Data: VOICE 
2023-02-15 18:20:10,541 INFO  [Logs] Amount: 1 
2023-02-15 18:20:11,778 INFO  [Logs] MSISDN: 543543333 
2023-02-15 18:20:11,779 INFO  [Logs] Key: 0 
2023-02-15 18:20:11,779 INFO  [Logs] Data: SMS 
2023-02-15 18:20:11,779 INFO  [Logs] Amount: 1 
2023-02-15 18:20:13,018 INFO  [Logs] MSISDN: 5332221133 
2023-02-15 18:20:13,018 INFO  [Logs] Key: 0 
2023-02-15 18:20:13,018 INFO  [Logs] Data: DATA 
2023-02-15 18:20:13,018 INFO  [Logs] Amount: 1 
2023-02-15 18:20:14,252 INFO  [Logs] MSISDN: 543625144 
2023-02-15 18:20:14,253 INFO  [Logs] Key: 0 
2023-02-15 18:20:14,253 INFO  [Logs] Data: SMS 
2023-02-15 18:20:14,253 INFO  [Logs] Amount: 96 
2023-02-15 18:20:15,487 INFO  [Logs] MSISDN: 123 
2023-02-15 18:20:15,487 INFO  [Logs] Key: 2 
2023-02-15 18:20:15,487 INFO  [Logs] Data: SMS 
2023-02-15 18:20:15,487 INFO  [Logs] Amount: 1 
2023-02-15 18:20:16,721 INFO  [Logs] MSISDN: 34434343 
2023-02-15 18:20:16,721 INFO  [Logs] Key: 2 
2023-02-15 18:20:16,721 INFO  [Logs] Data: SMS 
2023-02-15 18:20:16,721 INFO  [Logs] Amount: 1 
2023-02-15 18:20:17,961 INFO  [Logs] MSISDN: 43533535353 
2023-02-15 18:20:17,961 INFO  [Logs] Key: 2 
2023-02-15 18:20:17,961 INFO  [Logs] Data: VOICE 
2023-02-15 18:20:17,961 INFO  [Logs] Amount: 233 
2023-02-15 18:20:19,198 INFO  [Logs] MSISDN: 543543333 
2023-02-15 18:20:19,199 INFO  [Logs] Key: 3 
2023-02-15 18:20:19,199 INFO  [Logs] Data: VOICE 
2023-02-15 18:20:19,199 INFO  [Logs] Amount: 237 
2023-02-15 18:20:20,421 INFO  [Logs] MSISDN: 3333333333 
2023-02-15 18:20:20,421 INFO  [Logs] Key: 0 
2023-02-15 18:20:20,422 INFO  [Logs] Data: SMS 
2023-02-15 18:20:20,422 INFO  [Logs] Amount: 830 
2023-02-15 18:20:21,646 INFO  [Logs] MSISDN: 43533535353 
2023-02-15 18:20:21,647 INFO  [Logs] Key: 2 
2023-02-15 18:20:21,647 INFO  [Logs] Data: VOICE 
2023-02-15 18:20:21,647 INFO  [Logs] Amount: 790 
2023-02-15 18:20:22,872 INFO  [Logs] MSISDN: 123414124 
2023-02-15 18:20:22,872 INFO  [Logs] Key: 0 
2023-02-15 18:20:22,872 INFO  [Logs] Data: VOICE 
2023-02-15 18:20:22,872 INFO  [Logs] Amount: 178 
2023-02-15 18:20:24,099 INFO  [Logs] MSISDN: 3453534534534 
2023-02-15 18:20:24,099 INFO  [Logs] Key: 0 
2023-02-15 18:20:24,099 INFO  [Logs] Data: VOICE 
2023-02-15 18:20:24,099 INFO  [Logs] Amount: 1 
2023-02-15 18:20:25,457 INFO  [Logs] MSISDN: 3453534534 
2023-02-15 18:20:25,457 INFO  [Logs] Key: 0 
2023-02-15 18:20:25,457 INFO  [Logs] Data: VOICE 
2023-02-15 18:20:25,457 INFO  [Logs] Amount: 1 
2023-02-15 18:20:26,822 INFO  [Logs] MSISDN: 3453534534 
2023-02-15 18:20:26,822 INFO  [Logs] Key: 2 
2023-02-15 18:20:26,822 INFO  [Logs] Data: SMS 
2023-02-15 18:20:26,822 INFO  [Logs] Amount: 133 
2023-02-15 18:20:28,217 INFO  [Logs] MSISDN: 4444444444 
2023-02-15 18:20:28,218 INFO  [Logs] Key: 0 
2023-02-15 18:20:28,218 INFO  [Logs] Data: VOICE 
2023-02-15 18:20:28,218 INFO  [Logs] Amount: 140 
2023-02-15 18:20:29,464 INFO  [Logs] MSISDN: 543625144 
2023-02-15 18:20:29,467 INFO  [Logs] Key: 0 
2023-02-15 18:20:29,467 INFO  [Logs] Data: SMS 
2023-02-15 18:20:29,467 INFO  [Logs] Amount: 139 
2023-02-15 18:20:30,699 INFO  [Logs] MSISDN: 343334343 
2023-02-15 18:20:30,699 INFO  [Logs] Key: 0 
2023-02-15 18:20:30,699 INFO  [Logs] Data: SMS 
2023-02-15 18:20:30,699 INFO  [Logs] Amount: 98 
2023-02-15 18:20:31,935 INFO  [Logs] MSISDN: 433434334 
2023-02-15 18:20:31,935 INFO  [Logs] Key: 2 
2023-02-15 18:20:31,935 INFO  [Logs] Data: DATA 
2023-02-15 18:20:31,935 INFO  [Logs] Amount: 914 
2023-02-15 18:20:33,161 INFO  [Logs] MSISDN: 543625144 
2023-02-15 18:20:33,162 INFO  [Logs] Key: 0 
2023-02-15 18:20:33,162 INFO  [Logs] Data: SMS 
2023-02-15 18:20:33,162 INFO  [Logs] Amount: 308 
2023-02-15 18:20:34,394 INFO  [Logs] MSISDN: 543625144 
2023-02-15 18:20:34,395 INFO  [Logs] Key: 0 
2023-02-15 18:20:34,395 INFO  [Logs] Data: DATA 
2023-02-15 18:20:34,395 INFO  [Logs] Amount: 1 
2023-02-15 18:20:35,625 INFO  [Logs] MSISDN: 343334343 
2023-02-15 18:20:35,625 INFO  [Logs] Key: 0 
2023-02-15 18:20:35,625 INFO  [Logs] Data: VOICE 
2023-02-15 18:20:35,625 INFO  [Logs] Amount: 1 
2023-02-15 18:20:36,873 INFO  [Logs] MSISDN: 3333333333 
2023-02-15 18:20:36,873 INFO  [Logs] Key: 0 
2023-02-15 18:20:36,873 INFO  [Logs] Data: DATA 
2023-02-15 18:20:36,873 INFO  [Logs] Amount: 136 
2023-02-15 18:20:38,110 INFO  [Logs] MSISDN: 5554443322 
2023-02-15 18:20:38,110 INFO  [Logs] Key: 2 
2023-02-15 18:20:38,110 INFO  [Logs] Data: VOICE 
2023-02-15 18:20:38,110 INFO  [Logs] Amount: 1 
2023-02-15 18:20:39,343 INFO  [Logs] MSISDN: 3453534534534 
2023-02-15 18:20:39,343 INFO  [Logs] Key: 0 
2023-02-15 18:20:39,343 INFO  [Logs] Data: SMS 
2023-02-15 18:20:39,343 INFO  [Logs] Amount: 280 
2023-02-15 18:20:40,563 INFO  [Logs] MSISDN: 3333333333 
2023-02-15 18:20:40,563 INFO  [Logs] Key: 0 
2023-02-15 18:20:40,563 INFO  [Logs] Data: VOICE 
2023-02-15 18:20:40,563 INFO  [Logs] Amount: 358 
2023-02-15 18:20:41,803 INFO  [Logs] MSISDN: 343334343 
2023-02-15 18:20:41,803 INFO  [Logs] Key: 0 
2023-02-15 18:20:41,803 INFO  [Logs] Data: DATA 
2023-02-15 18:20:41,803 INFO  [Logs] Amount: 58 
2023-02-15 18:20:43,039 INFO  [Logs] MSISDN: 3333333333 
2023-02-15 18:20:43,039 INFO  [Logs] Key: 0 
2023-02-15 18:20:43,039 INFO  [Logs] Data: VOICE 
2023-02-15 18:20:43,039 INFO  [Logs] Amount: 1 
2023-02-15 18:20:44,247 INFO  [Logs] MSISDN: 234234234 
2023-02-15 18:20:44,247 INFO  [Logs] Key: 0 
2023-02-15 18:20:44,247 INFO  [Logs] Data: DATA 
2023-02-15 18:20:44,247 INFO  [Logs] Amount: 810 
2023-02-15 18:20:44,278 INFO  [Logs] MSISDN: 234234234 
2023-02-15 18:20:44,279 INFO  [Logs] Key: 0 
2023-02-15 18:20:44,279 INFO  [Logs] Data: DATA 
2023-02-15 18:20:44,280 INFO  [Logs] Amount: 810 
2023-02-15 18:20:45,478 INFO  [Logs] MSISDN: 3453534534534 
2023-02-15 18:20:45,478 INFO  [Logs] Key: 3 
2023-02-15 18:20:45,478 INFO  [Logs] Data: DATA 
2023-02-15 18:20:45,478 INFO  [Logs] Amount: 1 
2023-02-15 18:20:45,510 INFO  [Logs] MSISDN: 3453534534534 
2023-02-15 18:20:45,511 INFO  [Logs] Key: 3 
2023-02-15 18:20:45,511 INFO  [Logs] Data: DATA 
2023-02-15 18:20:45,511 INFO  [Logs] Amount: 1 
2023-02-15 18:20:46,710 INFO  [Logs] MSISDN: 5445342423 
2023-02-15 18:20:46,710 INFO  [Logs] Key: 0 
2023-02-15 18:20:46,710 INFO  [Logs] Data: DATA 
2023-02-15 18:20:46,710 INFO  [Logs] Amount: 921 
2023-02-15 18:20:46,742 INFO  [Logs] MSISDN: 5445342423 
2023-02-15 18:20:46,743 INFO  [Logs] Key: 0 
2023-02-15 18:20:46,743 INFO  [Logs] Data: DATA 
2023-02-15 18:20:46,743 INFO  [Logs] Amount: 921 
2023-02-15 18:20:47,953 INFO  [Logs] MSISDN: 43533535353 
2023-02-15 18:20:47,953 INFO  [Logs] Key: 0 
2023-02-15 18:20:47,953 INFO  [Logs] Data: DATA 
2023-02-15 18:20:47,953 INFO  [Logs] Amount: 996 
2023-02-15 18:20:47,984 INFO  [Logs] MSISDN: 43533535353 
2023-02-15 18:20:47,984 INFO  [Logs] Key: 0 
2023-02-15 18:20:47,984 INFO  [Logs] Data: DATA 
2023-02-15 18:20:47,984 INFO  [Logs] Amount: 996 
2023-02-15 18:20:49,189 INFO  [Logs] MSISDN: 3453543534 
2023-02-15 18:20:49,189 INFO  [Logs] Key: 0 
2023-02-15 18:20:49,189 INFO  [Logs] Data: VOICE 
2023-02-15 18:20:49,189 INFO  [Logs] Amount: 2 
2023-02-15 18:20:49,220 INFO  [Logs] MSISDN: 3453543534 
2023-02-15 18:20:49,220 INFO  [Logs] Key: 0 
2023-02-15 18:20:49,220 INFO  [Logs] Data: VOICE 
2023-02-15 18:20:49,220 INFO  [Logs] Amount: 2 
2023-02-15 18:20:50,422 INFO  [Logs] MSISDN: 3453534534 
2023-02-15 18:20:50,422 INFO  [Logs] Key: 0 
2023-02-15 18:20:50,422 INFO  [Logs] Data: SMS 
2023-02-15 18:20:50,422 INFO  [Logs] Amount: 631 
2023-02-15 18:20:50,454 INFO  [Logs] MSISDN: 3453534534 
2023-02-15 18:20:50,454 INFO  [Logs] Key: 0 
2023-02-15 18:20:50,454 INFO  [Logs] Data: SMS 
2023-02-15 18:20:50,454 INFO  [Logs] Amount: 631 
2023-02-15 18:20:51,653 INFO  [Logs] MSISDN: 5436251344 
2023-02-15 18:20:51,653 INFO  [Logs] Key: 0 
2023-02-15 18:20:51,653 INFO  [Logs] Data: SMS 
2023-02-15 18:20:51,653 INFO  [Logs] Amount: 596 
2023-02-15 18:20:51,688 INFO  [Logs] MSISDN: 5436251344 
2023-02-15 18:20:51,688 INFO  [Logs] Key: 0 
2023-02-15 18:20:51,688 INFO  [Logs] Data: SMS 
2023-02-15 18:20:51,688 INFO  [Logs] Amount: 596 
2023-02-15 18:20:52,909 INFO  [Logs] MSISDN: 5435333332 
2023-02-15 18:20:52,909 INFO  [Logs] Key: 0 
2023-02-15 18:20:52,909 INFO  [Logs] Data: DATA 
2023-02-15 18:20:52,909 INFO  [Logs] Amount: 20 
2023-02-15 18:20:52,957 INFO  [Logs] MSISDN: 5435333332 
2023-02-15 18:20:52,957 INFO  [Logs] Key: 0 
2023-02-15 18:20:52,957 INFO  [Logs] Data: DATA 
2023-02-15 18:20:52,957 INFO  [Logs] Amount: 20 
2023-02-15 18:20:54,140 INFO  [Logs] MSISDN: 234234234 
2023-02-15 18:20:54,140 INFO  [Logs] Key: 0 
2023-02-15 18:20:54,140 INFO  [Logs] Data: VOICE 
2023-02-15 18:20:54,140 INFO  [Logs] Amount: 567 
2023-02-15 18:20:54,193 INFO  [Logs] MSISDN: 234234234 
2023-02-15 18:20:54,193 INFO  [Logs] Key: 0 
2023-02-15 18:20:54,193 INFO  [Logs] Data: VOICE 
2023-02-15 18:20:54,193 INFO  [Logs] Amount: 567 
2023-02-15 18:20:55,369 INFO  [Logs] MSISDN: 34434343 
2023-02-15 18:20:55,369 INFO  [Logs] Key: 0 
2023-02-15 18:20:55,369 INFO  [Logs] Data: SMS 
2023-02-15 18:20:55,369 INFO  [Logs] Amount: 74 
2023-02-15 18:20:55,419 INFO  [Logs] MSISDN: 34434343 
2023-02-15 18:20:55,419 INFO  [Logs] Key: 0 
2023-02-15 18:20:55,419 INFO  [Logs] Data: SMS 
2023-02-15 18:20:55,419 INFO  [Logs] Amount: 74 
2023-02-15 18:20:56,603 INFO  [Logs] MSISDN: 43533535353 
2023-02-15 18:20:56,603 INFO  [Logs] Key: 0 
2023-02-15 18:20:56,603 INFO  [Logs] Data: SMS 
2023-02-15 18:20:56,603 INFO  [Logs] Amount: 348 
2023-02-15 18:20:56,643 INFO  [Logs] MSISDN: 43533535353 
2023-02-15 18:20:56,643 INFO  [Logs] Key: 0 
2023-02-15 18:20:56,643 INFO  [Logs] Data: SMS 
2023-02-15 18:20:56,643 INFO  [Logs] Amount: 348 
2023-02-15 18:20:57,833 INFO  [Logs] MSISDN: 4554534545 
2023-02-15 18:20:57,833 INFO  [Logs] Key: 0 
2023-02-15 18:20:57,833 INFO  [Logs] Data: SMS 
2023-02-15 18:20:57,833 INFO  [Logs] Amount: 34 
2023-02-15 18:20:57,864 INFO  [Logs] MSISDN: 4554534545 
2023-02-15 18:20:57,864 INFO  [Logs] Key: 0 
2023-02-15 18:20:57,864 INFO  [Logs] Data: SMS 
2023-02-15 18:20:57,864 INFO  [Logs] Amount: 34 
2023-02-15 18:20:59,058 INFO  [Logs] MSISDN: 543543333 
2023-02-15 18:20:59,058 INFO  [Logs] Key: 0 
2023-02-15 18:20:59,058 INFO  [Logs] Data: VOICE 
2023-02-15 18:20:59,058 INFO  [Logs] Amount: 1 
2023-02-15 18:20:59,104 INFO  [Logs] MSISDN: 543543333 
2023-02-15 18:20:59,104 INFO  [Logs] Key: 0 
2023-02-15 18:20:59,104 INFO  [Logs] Data: VOICE 
2023-02-15 18:20:59,104 INFO  [Logs] Amount: 1 
2023-02-15 18:21:00,293 INFO  [Logs] MSISDN: 5446667788 
2023-02-15 18:21:00,293 INFO  [Logs] Key: 0 
2023-02-15 18:21:00,293 INFO  [Logs] Data: VOICE 
2023-02-15 18:21:00,293 INFO  [Logs] Amount: 165 
2023-02-15 18:21:00,343 INFO  [Logs] MSISDN: 5446667788 
2023-02-15 18:21:00,343 INFO  [Logs] Key: 0 
2023-02-15 18:21:00,343 INFO  [Logs] Data: VOICE 
2023-02-15 18:21:00,343 INFO  [Logs] Amount: 165 
2023-02-15 18:21:01,523 INFO  [Logs] MSISDN: 3453534534 
2023-02-15 18:21:01,523 INFO  [Logs] Key: 0 
2023-02-15 18:21:01,523 INFO  [Logs] Data: VOICE 
2023-02-15 18:21:01,523 INFO  [Logs] Amount: 1 
2023-02-15 18:21:01,571 INFO  [Logs] MSISDN: 3453534534 
2023-02-15 18:21:01,571 INFO  [Logs] Key: 0 
2023-02-15 18:21:01,571 INFO  [Logs] Data: VOICE 
2023-02-15 18:21:01,571 INFO  [Logs] Amount: 1 
2023-02-15 18:21:02,758 INFO  [Logs] MSISDN: 343334343 
2023-02-15 18:21:02,758 INFO  [Logs] Key: 3 
2023-02-15 18:21:02,758 INFO  [Logs] Data: DATA 
2023-02-15 18:21:02,758 INFO  [Logs] Amount: 286 
2023-02-15 18:21:02,805 INFO  [Logs] MSISDN: 343334343 
2023-02-15 18:21:02,805 INFO  [Logs] Key: 3 
2023-02-15 18:21:02,805 INFO  [Logs] Data: DATA 
2023-02-15 18:21:02,805 INFO  [Logs] Amount: 286 
2023-02-15 18:21:03,985 INFO  [Logs] MSISDN: 3453543534 
2023-02-15 18:21:03,985 INFO  [Logs] Key: 0 
2023-02-15 18:21:03,985 INFO  [Logs] Data: DATA 
2023-02-15 18:21:03,985 INFO  [Logs] Amount: 1 
2023-02-15 18:21:04,033 INFO  [Logs] MSISDN: 3453543534 
2023-02-15 18:21:04,033 INFO  [Logs] Key: 0 
2023-02-15 18:21:04,033 INFO  [Logs] Data: DATA 
2023-02-15 18:21:04,033 INFO  [Logs] Amount: 1 
2023-02-15 18:21:05,215 INFO  [Logs] MSISDN: 545555555 
2023-02-15 18:21:05,215 INFO  [Logs] Key: 0 
2023-02-15 18:21:05,215 INFO  [Logs] Data: VOICE 
2023-02-15 18:21:05,215 INFO  [Logs] Amount: 443 
2023-02-15 18:21:05,262 INFO  [Logs] MSISDN: 545555555 
2023-02-15 18:21:05,262 INFO  [Logs] Key: 0 
2023-02-15 18:21:05,262 INFO  [Logs] Data: VOICE 
2023-02-15 18:21:05,262 INFO  [Logs] Amount: 443 
2023-02-15 18:21:06,446 INFO  [Logs] MSISDN: 5445342423 
2023-02-15 18:21:06,446 INFO  [Logs] Key: 0 
2023-02-15 18:21:06,446 INFO  [Logs] Data: VOICE 
2023-02-15 18:21:06,446 INFO  [Logs] Amount: 404 
2023-02-15 18:21:06,493 INFO  [Logs] MSISDN: 5445342423 
2023-02-15 18:21:06,493 INFO  [Logs] Key: 0 
2023-02-15 18:21:06,493 INFO  [Logs] Data: VOICE 
2023-02-15 18:21:06,493 INFO  [Logs] Amount: 404 
2023-02-15 18:21:07,673 INFO  [Logs] MSISDN: 123 
2023-02-15 18:21:07,673 INFO  [Logs] Key: 0 
2023-02-15 18:21:07,673 INFO  [Logs] Data: DATA 
2023-02-15 18:21:07,673 INFO  [Logs] Amount: 218 
2023-02-15 18:21:07,720 INFO  [Logs] MSISDN: 123 
2023-02-15 18:21:07,720 INFO  [Logs] Key: 0 
2023-02-15 18:21:07,720 INFO  [Logs] Data: DATA 
2023-02-15 18:21:07,720 INFO  [Logs] Amount: 218 
2023-02-15 18:21:08,905 INFO  [Logs] MSISDN: 123414124 
2023-02-15 18:21:08,905 INFO  [Logs] Key: 0 
2023-02-15 18:21:08,905 INFO  [Logs] Data: VOICE 
2023-02-15 18:21:08,905 INFO  [Logs] Amount: 184 
2023-02-15 18:21:08,953 INFO  [Logs] MSISDN: 123414124 
2023-02-15 18:21:08,953 INFO  [Logs] Key: 0 
2023-02-15 18:21:08,953 INFO  [Logs] Data: VOICE 
2023-02-15 18:21:08,953 INFO  [Logs] Amount: 184 
2023-02-15 18:21:10,133 INFO  [Logs] MSISDN: 343334343 
2023-02-15 18:21:10,133 INFO  [Logs] Key: 0 
2023-02-15 18:21:10,133 INFO  [Logs] Data: SMS 
2023-02-15 18:21:10,133 INFO  [Logs] Amount: 1 
2023-02-15 18:21:11,356 INFO  [Logs] MSISDN: 543625144 
2023-02-15 18:21:11,356 INFO  [Logs] Key: 0 
2023-02-15 18:21:11,356 INFO  [Logs] Data: VOICE 
2023-02-15 18:21:11,356 INFO  [Logs] Amount: 173 
2023-02-15 18:21:12,594 INFO  [Logs] MSISDN: 5436251344 
2023-02-15 18:21:12,594 INFO  [Logs] Key: 0 
2023-02-15 18:21:12,594 INFO  [Logs] Data: DATA 
2023-02-15 18:21:12,594 INFO  [Logs] Amount: 6 
2023-02-15 18:21:13,818 INFO  [Logs] MSISDN: 123414124 
2023-02-15 18:21:13,818 INFO  [Logs] Key: 0 
2023-02-15 18:21:13,818 INFO  [Logs] Data: DATA 
2023-02-15 18:21:13,818 INFO  [Logs] Amount: 19 
2023-02-15 18:21:15,046 INFO  [Logs] MSISDN: 123 
2023-02-15 18:21:15,046 INFO  [Logs] Key: 0 
2023-02-15 18:21:15,046 INFO  [Logs] Data: VOICE 
2023-02-15 18:21:15,046 INFO  [Logs] Amount: 818 
2023-02-15 18:21:16,271 INFO  [Logs] MSISDN: 545555555 
2023-02-15 18:21:16,271 INFO  [Logs] Key: 0 
2023-02-15 18:21:16,271 INFO  [Logs] Data: VOICE 
2023-02-15 18:21:16,271 INFO  [Logs] Amount: 369 
2023-02-15 18:21:17,505 INFO  [Logs] MSISDN: 5398329014 
2023-02-15 18:21:17,505 INFO  [Logs] Key: 0 
2023-02-15 18:21:17,505 INFO  [Logs] Data: SMS 
2023-02-15 18:21:17,505 INFO  [Logs] Amount: 814 
2023-02-15 18:21:18,731 INFO  [Logs] MSISDN: 5446667788 
2023-02-15 18:21:18,731 INFO  [Logs] Key: 0 
2023-02-15 18:21:18,731 INFO  [Logs] Data: VOICE 
2023-02-15 18:21:18,731 INFO  [Logs] Amount: 414 
2023-02-15 18:21:19,961 INFO  [Logs] MSISDN: 343334343 
2023-02-15 18:21:19,961 INFO  [Logs] Key: 0 
2023-02-15 18:21:19,961 INFO  [Logs] Data: VOICE 
2023-02-15 18:21:19,961 INFO  [Logs] Amount: 183 
2023-02-15 18:21:21,187 INFO  [Logs] MSISDN: 543625144 
2023-02-15 18:21:21,187 INFO  [Logs] Key: 0 
2023-02-15 18:21:21,187 INFO  [Logs] Data: SMS 
2023-02-15 18:21:21,187 INFO  [Logs] Amount: 239 
2023-02-15 18:21:22,404 INFO  [Logs] MSISDN: 5435333332 
2023-02-15 18:21:22,404 INFO  [Logs] Key: 0 
2023-02-15 18:21:22,404 INFO  [Logs] Data: VOICE 
2023-02-15 18:21:22,404 INFO  [Logs] Amount: 11 
2023-02-15 18:21:23,632 INFO  [Logs] MSISDN: 3333333333 
2023-02-15 18:21:23,632 INFO  [Logs] Key: 0 
2023-02-15 18:21:23,632 INFO  [Logs] Data: DATA 
2023-02-15 18:21:23,632 INFO  [Logs] Amount: 1 
2023-02-15 18:21:24,860 INFO  [Logs] MSISDN: 3453543534 
2023-02-15 18:21:24,860 INFO  [Logs] Key: 1 
2023-02-15 18:21:24,860 INFO  [Logs] Data: DATA 
2023-02-15 18:21:24,860 INFO  [Logs] Amount: 236 
2023-02-15 18:21:26,091 INFO  [Logs] MSISDN: 543543333 
2023-02-15 18:21:26,091 INFO  [Logs] Key: 0 
2023-02-15 18:21:26,091 INFO  [Logs] Data: SMS 
2023-02-15 18:21:26,091 INFO  [Logs] Amount: 1 
2023-02-15 18:21:27,316 INFO  [Logs] MSISDN: 123 
2023-02-15 18:21:27,316 INFO  [Logs] Key: 0 
2023-02-15 18:21:27,316 INFO  [Logs] Data: VOICE 
2023-02-15 18:21:27,316 INFO  [Logs] Amount: 1 
2023-02-15 18:21:28,545 INFO  [Logs] MSISDN: 3453534534534 
2023-02-15 18:21:28,545 INFO  [Logs] Key: 0 
2023-02-15 18:21:28,545 INFO  [Logs] Data: SMS 
2023-02-15 18:21:28,545 INFO  [Logs] Amount: 1 
2023-02-15 18:21:29,786 INFO  [Logs] MSISDN: 543625144 
2023-02-15 18:21:29,786 INFO  [Logs] Key: 0 
2023-02-15 18:21:29,786 INFO  [Logs] Data: SMS 
2023-02-15 18:21:29,786 INFO  [Logs] Amount: 978 
2023-02-15 18:21:31,009 INFO  [Logs] MSISDN: 5446667788 
2023-02-15 18:21:31,009 INFO  [Logs] Key: 3 
2023-02-15 18:21:31,009 INFO  [Logs] Data: VOICE 
2023-02-15 18:21:31,009 INFO  [Logs] Amount: 252 
2023-02-15 18:21:32,238 INFO  [Logs] MSISDN: 5445342423 
2023-02-15 18:21:32,238 INFO  [Logs] Key: 0 
2023-02-15 18:21:32,238 INFO  [Logs] Data: SMS 
2023-02-15 18:21:32,238 INFO  [Logs] Amount: 68 
2023-02-15 18:21:33,463 INFO  [Logs] MSISDN: 4554534545 
2023-02-15 18:21:33,463 INFO  [Logs] Key: 0 
2023-02-15 18:21:33,463 INFO  [Logs] Data: VOICE 
2023-02-15 18:21:33,463 INFO  [Logs] Amount: 276 
2023-02-15 18:21:34,697 INFO  [Logs] MSISDN: 433434334 
2023-02-15 18:21:34,697 INFO  [Logs] Key: 0 
2023-02-15 18:21:34,697 INFO  [Logs] Data: DATA 
2023-02-15 18:21:34,697 INFO  [Logs] Amount: 131 
2023-02-15 18:21:35,923 INFO  [Logs] MSISDN: 545555555 
2023-02-15 18:21:35,923 INFO  [Logs] Key: 0 
2023-02-15 18:21:35,923 INFO  [Logs] Data: DATA 
2023-02-15 18:21:35,923 INFO  [Logs] Amount: 522 
2023-02-15 18:21:37,153 INFO  [Logs] MSISDN: 123414124 
2023-02-15 18:21:37,153 INFO  [Logs] Key: 4 
2023-02-15 18:21:37,153 INFO  [Logs] Data: SMS 
2023-02-15 18:21:37,153 INFO  [Logs] Amount: 1 
2023-02-15 18:21:38,377 INFO  [Logs] MSISDN: 543543333 
2023-02-15 18:21:38,377 INFO  [Logs] Key: 0 
2023-02-15 18:21:38,377 INFO  [Logs] Data: VOICE 
2023-02-15 18:21:38,377 INFO  [Logs] Amount: 1 
2023-02-15 18:21:39,613 INFO  [Logs] MSISDN: 3453534534 
2023-02-15 18:21:39,613 INFO  [Logs] Key: 0 
2023-02-15 18:21:39,613 INFO  [Logs] Data: DATA 
2023-02-15 18:21:39,613 INFO  [Logs] Amount: 1 
2023-02-15 18:21:40,839 INFO  [Logs] MSISDN: 123414124 
2023-02-15 18:21:40,839 INFO  [Logs] Key: 0 
2023-02-15 18:21:40,839 INFO  [Logs] Data: SMS 
2023-02-15 18:21:40,839 INFO  [Logs] Amount: 124 
2023-02-15 18:21:42,063 INFO  [Logs] MSISDN: 343334343 
2023-02-15 18:21:42,063 INFO  [Logs] Key: 0 
2023-02-15 18:21:42,072 INFO  [Logs] Data: SMS 
2023-02-15 18:21:42,072 INFO  [Logs] Amount: 890 
2023-02-15 18:21:43,293 INFO  [Logs] MSISDN: 123414124 
2023-02-15 18:21:43,293 INFO  [Logs] Key: 3 
2023-02-15 18:21:43,293 INFO  [Logs] Data: DATA 
2023-02-15 18:21:43,293 INFO  [Logs] Amount: 265 
2023-02-15 18:21:44,523 INFO  [Logs] MSISDN: 3453534534534 
2023-02-15 18:21:44,523 INFO  [Logs] Key: 2 
2023-02-15 18:21:44,523 INFO  [Logs] Data: VOICE 
2023-02-15 18:21:44,523 INFO  [Logs] Amount: 110 
2023-02-15 18:22:18,904 INFO  [Logs] MSISDN: 5435333332 
2023-02-15 18:22:18,905 INFO  [Logs] Key: 0 
2023-02-15 18:22:18,905 INFO  [Logs] Data: SMS 
2023-02-15 18:22:18,905 INFO  [Logs] Amount: 202 
2023-02-15 18:22:20,146 INFO  [Logs] MSISDN: 433434334 
2023-02-15 18:22:20,146 INFO  [Logs] Key: 0 
2023-02-15 18:22:20,146 INFO  [Logs] Data: SMS 
2023-02-15 18:22:20,146 INFO  [Logs] Amount: 1 
2023-02-15 18:22:21,383 INFO  [Logs] MSISDN: 343334343 
2023-02-15 18:22:21,383 INFO  [Logs] Key: 0 
2023-02-15 18:22:21,383 INFO  [Logs] Data: DATA 
2023-02-15 18:22:21,383 INFO  [Logs] Amount: 623 
2023-02-15 18:22:22,617 INFO  [Logs] MSISDN: 5398329014 
2023-02-15 18:22:22,617 INFO  [Logs] Key: 0 
2023-02-15 18:22:22,617 INFO  [Logs] Data: SMS 
2023-02-15 18:22:22,617 INFO  [Logs] Amount: 1 
2023-02-15 18:22:23,855 INFO  [Logs] MSISDN: 3453543534 
2023-02-15 18:22:23,855 INFO  [Logs] Key: 0 
2023-02-15 18:22:23,855 INFO  [Logs] Data: VOICE 
2023-02-15 18:22:23,855 INFO  [Logs] Amount: 1 
2023-02-15 18:22:25,078 INFO  [Logs] MSISDN: 4444444444 
2023-02-15 18:22:25,078 INFO  [Logs] Key: 0 
2023-02-15 18:22:25,078 INFO  [Logs] Data: SMS 
2023-02-15 18:22:25,078 INFO  [Logs] Amount: 306 
2023-02-15 18:22:26,301 INFO  [Logs] MSISDN: 5446667788 
2023-02-15 18:22:26,301 INFO  [Logs] Key: 0 
2023-02-15 18:22:26,301 INFO  [Logs] Data: SMS 
2023-02-15 18:22:26,301 INFO  [Logs] Amount: 1 
2023-02-15 18:22:27,531 INFO  [Logs] MSISDN: 3453543534 
2023-02-15 18:22:27,531 INFO  [Logs] Key: 0 
2023-02-15 18:22:27,531 INFO  [Logs] Data: SMS 
2023-02-15 18:22:27,531 INFO  [Logs] Amount: 1 
2023-02-15 18:22:28,768 INFO  [Logs] MSISDN: 5445342423 
2023-02-15 18:22:28,768 INFO  [Logs] Key: 0 
2023-02-15 18:22:28,768 INFO  [Logs] Data: VOICE 
2023-02-15 18:22:28,768 INFO  [Logs] Amount: 1 
2023-02-15 18:22:29,989 INFO  [Logs] MSISDN: 543543333 
2023-02-15 18:22:29,989 INFO  [Logs] Key: 0 
2023-02-15 18:22:29,989 INFO  [Logs] Data: DATA 
2023-02-15 18:22:29,989 INFO  [Logs] Amount: 105 
2023-02-15 18:22:31,214 INFO  [Logs] MSISDN: 123414124 
2023-02-15 18:22:31,214 INFO  [Logs] Key: 0 
2023-02-15 18:22:31,214 INFO  [Logs] Data: SMS 
2023-02-15 18:22:31,214 INFO  [Logs] Amount: 835 
2023-02-15 18:22:32,449 INFO  [Logs] MSISDN: 5554443322 
2023-02-15 18:22:32,449 INFO  [Logs] Key: 0 
2023-02-15 18:22:32,449 INFO  [Logs] Data: VOICE 
2023-02-15 18:22:32,449 INFO  [Logs] Amount: 45 
2023-02-15 18:22:33,673 INFO  [Logs] MSISDN: 34434343 
2023-02-15 18:22:33,673 INFO  [Logs] Key: 0 
2023-02-15 18:22:33,673 INFO  [Logs] Data: SMS 
2023-02-15 18:22:33,673 INFO  [Logs] Amount: 107 
2023-02-15 18:22:34,913 INFO  [Logs] MSISDN: 43533535353 
2023-02-15 18:22:34,913 INFO  [Logs] Key: 0 
2023-02-15 18:22:34,913 INFO  [Logs] Data: DATA 
2023-02-15 18:22:34,913 INFO  [Logs] Amount: 148 
2023-02-15 18:22:36,139 INFO  [Logs] MSISDN: 5435333332 
2023-02-15 18:22:36,139 INFO  [Logs] Key: 0 
2023-02-15 18:22:36,139 INFO  [Logs] Data: DATA 
2023-02-15 18:22:36,139 INFO  [Logs] Amount: 1 
2023-02-15 18:22:37,370 INFO  [Logs] MSISDN: 433434334 
2023-02-15 18:22:37,370 INFO  [Logs] Key: 0 
2023-02-15 18:22:37,370 INFO  [Logs] Data: SMS 
2023-02-15 18:22:37,370 INFO  [Logs] Amount: 176 
2023-02-15 18:22:38,599 INFO  [Logs] MSISDN: 634344343 
2023-02-15 18:22:38,599 INFO  [Logs] Key: 0 
2023-02-15 18:22:38,599 INFO  [Logs] Data: VOICE 
2023-02-15 18:22:38,599 INFO  [Logs] Amount: 1 
2023-02-15 18:22:39,827 INFO  [Logs] MSISDN: 123 
2023-02-15 18:22:39,827 INFO  [Logs] Key: 0 
2023-02-15 18:22:39,827 INFO  [Logs] Data: DATA 
2023-02-15 18:22:39,827 INFO  [Logs] Amount: 51 
2023-02-15 18:22:40,242 INFO  [Logs] MSISDN: 634344343 
2023-02-15 18:22:40,242 INFO  [Logs] Key: 0 
2023-02-15 18:22:40,242 INFO  [Logs] Data: SMS 
2023-02-15 18:22:40,242 INFO  [Logs] Amount: 797 
2023-02-15 18:22:41,049 INFO  [Logs] MSISDN: 123414124 
2023-02-15 18:22:41,049 INFO  [Logs] Key: 4 
2023-02-15 18:22:41,049 INFO  [Logs] Data: SMS 
2023-02-15 18:22:41,049 INFO  [Logs] Amount: 1 
2023-02-15 18:22:41,468 INFO  [Logs] MSISDN: 545555555 
2023-02-15 18:22:41,468 INFO  [Logs] Key: 0 
2023-02-15 18:22:41,468 INFO  [Logs] Data: VOICE 
2023-02-15 18:22:41,468 INFO  [Logs] Amount: 37 
2023-02-15 18:22:42,299 INFO  [Logs] MSISDN: 4554534545 
2023-02-15 18:22:42,299 INFO  [Logs] Key: 0 
2023-02-15 18:22:42,299 INFO  [Logs] Data: DATA 
2023-02-15 18:22:42,299 INFO  [Logs] Amount: 290 
2023-02-15 18:22:42,708 INFO  [Logs] MSISDN: 3453534534534 
2023-02-15 18:22:42,709 INFO  [Logs] Key: 0 
2023-02-15 18:22:42,709 INFO  [Logs] Data: VOICE 
2023-02-15 18:22:42,709 INFO  [Logs] Amount: 1 
2023-02-15 18:22:43,528 INFO  [Logs] MSISDN: 123414124 
2023-02-15 18:22:43,528 INFO  [Logs] Key: 0 
2023-02-15 18:22:43,528 INFO  [Logs] Data: SMS 
2023-02-15 18:22:43,528 INFO  [Logs] Amount: 418 
2023-02-15 18:22:43,937 INFO  [Logs] MSISDN: 5554443322 
2023-02-15 18:22:43,937 INFO  [Logs] Key: 0 
2023-02-15 18:22:43,937 INFO  [Logs] Data: DATA 
2023-02-15 18:22:43,937 INFO  [Logs] Amount: 247 
2023-02-15 18:22:44,760 INFO  [Logs] MSISDN: 123 
2023-02-15 18:22:44,760 INFO  [Logs] Key: 0 
2023-02-15 18:22:44,760 INFO  [Logs] Data: SMS 
2023-02-15 18:22:44,760 INFO  [Logs] Amount: 240 
2023-02-15 18:22:45,167 INFO  [Logs] MSISDN: 5445342423 
2023-02-15 18:22:45,167 INFO  [Logs] Key: 0 
2023-02-15 18:22:45,167 INFO  [Logs] Data: DATA 
2023-02-15 18:22:45,167 INFO  [Logs] Amount: 431 
2023-02-15 18:22:45,999 INFO  [Logs] MSISDN: 343334343 
2023-02-15 18:22:45,999 INFO  [Logs] Key: 0 
2023-02-15 18:22:45,999 INFO  [Logs] Data: SMS 
2023-02-15 18:22:45,999 INFO  [Logs] Amount: 1 
2023-02-15 18:22:46,405 INFO  [Logs] MSISDN: 5554443322 
2023-02-15 18:22:46,405 INFO  [Logs] Key: 0 
2023-02-15 18:22:46,405 INFO  [Logs] Data: DATA 
2023-02-15 18:22:46,405 INFO  [Logs] Amount: 1 
2023-02-15 18:23:07,444 INFO  [Logs] MSISDN:4554534545 
2023-02-15 18:23:07,507 INFO  [Logs] Key0 
2023-02-15 18:23:07,507 INFO  [Logs] Region: TURKEY 
2023-02-15 18:23:07,507 INFO  [Logs] Data:SMS 
2023-02-15 18:23:07,507 INFO  [Logs] Amount: 1 
2023-02-15 18:23:22,873 INFO  [Logs] MSISDN: 343334343 
2023-02-15 18:23:22,873 INFO  [Logs] Key: 0 
2023-02-15 18:23:22,873 INFO  [Logs] Data: VOICE 
2023-02-15 18:23:22,873 INFO  [Logs] Amount: 194 
2023-02-15 18:23:24,103 INFO  [Logs] MSISDN: 3333333333 
2023-02-15 18:23:24,103 INFO  [Logs] Key: 0 
2023-02-15 18:23:24,103 INFO  [Logs] Data: VOICE 
2023-02-15 18:23:24,103 INFO  [Logs] Amount: 1 
2023-02-15 18:23:25,329 INFO  [Logs] MSISDN: 543543333 
2023-02-15 18:23:25,329 INFO  [Logs] Key: 0 
2023-02-15 18:23:25,329 INFO  [Logs] Data: VOICE 
2023-02-15 18:23:25,329 INFO  [Logs] Amount: 1 
2023-02-15 18:23:26,564 INFO  [Logs] MSISDN: 4444444444 
2023-02-15 18:23:26,564 INFO  [Logs] Key: 0 
2023-02-15 18:23:26,564 INFO  [Logs] Data: VOICE 
2023-02-15 18:23:26,564 INFO  [Logs] Amount: 746 
2023-02-15 18:23:27,791 INFO  [Logs] MSISDN: 5445342423 
2023-02-15 18:23:27,791 INFO  [Logs] Key: 0 
2023-02-15 18:23:27,791 INFO  [Logs] Data: DATA 
2023-02-15 18:23:27,791 INFO  [Logs] Amount: 298 
2023-02-15 18:28:06,558 INFO  [Logs] MSISDN:5332221133 
2023-02-15 18:28:06,618 INFO  [Logs] Key3 
2023-02-15 18:28:06,618 INFO  [Logs] Region: ASSIA 
2023-02-15 18:28:06,623 INFO  [Logs] Data:VOICE 
2023-02-15 18:28:06,623 INFO  [Logs] Amount: 1 
2023-02-15 18:28:10,554 INFO  [Logs] MSISDN: 5446667788 
2023-02-15 18:28:10,554 INFO  [Logs] Key: 1 
2023-02-15 18:28:10,554 INFO  [Logs] Data: DATA 
2023-02-15 18:28:10,554 INFO  [Logs] Amount: 1 
2023-02-15 18:37:47,659 INFO  [Logs] MSISDN: 5554443322 
2023-02-15 18:37:47,659 INFO  [Logs] Key: 1 
2023-02-15 18:37:47,659 INFO  [Logs] Data: VOICE 
2023-02-15 18:37:47,659 INFO  [Logs] Amount: 495 
2023-02-15 18:37:48,886 INFO  [Logs] MSISDN: 5446667788 
2023-02-15 18:37:48,886 INFO  [Logs] Key: 0 
2023-02-15 18:37:48,886 INFO  [Logs] Data: DATA 
2023-02-15 18:37:48,886 INFO  [Logs] Amount: 1 
2023-02-15 18:37:50,118 INFO  [Logs] MSISDN: 634344343 
2023-02-15 18:37:50,118 INFO  [Logs] Key: 0 
2023-02-15 18:37:50,118 INFO  [Logs] Data: VOICE 
2023-02-15 18:37:50,118 INFO  [Logs] Amount: 1 
2023-02-15 18:37:51,341 INFO  [Logs] MSISDN: 5398329014 
2023-02-15 18:37:51,341 INFO  [Logs] Key: 0 
2023-02-15 18:37:51,341 INFO  [Logs] Data: VOICE 
2023-02-15 18:37:51,341 INFO  [Logs] Amount: 1 
2023-02-15 18:37:52,596 INFO  [Logs] MSISDN: 5435333332 
2023-02-15 18:37:52,596 INFO  [Logs] Key: 0 
2023-02-15 18:37:52,596 INFO  [Logs] Data: SMS 
2023-02-15 18:37:52,596 INFO  [Logs] Amount: 992 
2023-02-16 16:44:53,183 INFO  [Logs] MSISDN:234234234 
2023-02-16 16:44:53,302 INFO  [Logs] Key0 
2023-02-16 16:44:53,302 INFO  [Logs] Region: TURKEY 
2023-02-16 16:44:53,302 INFO  [Logs] Data:DATA 
2023-02-16 16:44:53,302 INFO  [Logs] Amount: 836 
2023-02-16 16:58:13,932 INFO  [Logs] MSISDN:433434334 
2023-02-16 16:58:14,007 INFO  [Logs] Key0 
2023-02-16 16:58:14,007 INFO  [Logs] Region: ASSIA 
2023-02-16 16:58:14,007 INFO  [Logs] Data:SMS 
2023-02-16 16:58:14,007 INFO  [Logs] Amount: 1 
2023-02-16 17:04:04,283 INFO  [Logs] MSISDN:543625144 
2023-02-16 17:04:04,347 INFO  [Logs] Key0 
2023-02-16 17:04:04,347 INFO  [Logs] Region: TURKEY 
2023-02-16 17:04:04,347 INFO  [Logs] Data:SMS 
2023-02-16 17:04:04,347 INFO  [Logs] Amount: 1 
2023-02-16 17:07:24,542 INFO  [Logs] MSISDN:4554534545 
2023-02-16 17:07:24,602 INFO  [Logs] Key0 
2023-02-16 17:07:24,602 INFO  [Logs] Region: TURKEY 
2023-02-16 17:07:24,602 INFO  [Logs] Data:SMS 
2023-02-16 17:07:24,602 INFO  [Logs] Amount: 1 
2023-02-16 17:07:29,065 INFO  [Logs] MSISDN: 5446667788 
2023-02-16 17:07:29,065 INFO  [Logs] Key: 0 
2023-02-16 17:07:29,065 INFO  [Logs] Data: VOICE 
2023-02-16 17:07:29,065 INFO  [Logs] Amount: 524 
2023-02-16 17:31:10,153 INFO  [Logs] MSISDN:234234234 
2023-02-16 17:31:10,213 INFO  [Logs] Key0 
2023-02-16 17:31:10,213 INFO  [Logs] Region: TURKEY 
2023-02-16 17:31:10,213 INFO  [Logs] Data:DATA 
2023-02-16 17:31:10,213 INFO  [Logs] Amount: 936 
2023-02-16 17:31:23,143 INFO  [Logs] MSISDN: 234234234 
2023-02-16 17:31:23,143 INFO  [Logs] Key: 1 
2023-02-16 17:31:23,143 INFO  [Logs] Data: SMS 
2023-02-16 17:31:23,143 INFO  [Logs] Amount: 254 
2023-02-16 17:31:24,353 INFO  [Logs] Post işlemi başarılı 
2023-02-16 18:19:28,637 INFO  [Logs] MSISDN:3453534534534 
2023-02-16 18:19:28,745 INFO  [Logs] Key0 
2023-02-16 18:19:28,745 INFO  [Logs] Region: EUROPE 
2023-02-16 18:19:28,745 INFO  [Logs] Data:VOICE 
2023-02-16 18:19:28,745 INFO  [Logs] Amount: 284 
2023-02-16 18:19:48,075 INFO  [Logs] MSISDN: 5436251344 
2023-02-16 18:19:48,075 INFO  [Logs] Key: 2 
2023-02-16 18:19:48,075 INFO  [Logs] Data: VOICE 
2023-02-16 18:19:48,075 INFO  [Logs] Amount: 1 
2023-02-16 18:19:49,325 INFO  [Logs] Post işlemi başarılı 
2023-02-16 18:31:30,025 INFO  [Logs] MSISDN:545555555 
2023-02-16 18:31:30,090 INFO  [Logs] Key0 
2023-02-16 18:31:30,090 INFO  [Logs] Region: OTHER 
2023-02-16 18:31:30,090 INFO  [Logs] Data:SMS 
2023-02-16 18:31:30,090 INFO  [Logs] Amount: 1 
2023-02-16 19:22:09,897 INFO  [Logs] MSISDN:5446667788 
2023-02-16 19:22:09,966 INFO  [Logs] Key2 
2023-02-16 19:22:09,966 INFO  [Logs] Region: ASSIA 
2023-02-16 19:22:09,966 INFO  [Logs] Data:DATA 
2023-02-16 19:22:09,966 INFO  [Logs] Amount: 966 
2023-02-16 19:22:49,030 INFO  [Logs] MSISDN: 545555555 
2023-02-16 19:22:49,031 INFO  [Logs] Key: 0 
2023-02-16 19:22:49,031 INFO  [Logs] Data: VOICE 
2023-02-16 19:22:49,031 INFO  [Logs] Amount: 315 
2023-02-16 19:22:50,152 INFO  [Logs] Post işlemi başarılı 
2023-02-16 19:22:53,290 INFO  [Logs] MSISDN: 5445342423 
2023-02-16 19:22:53,291 INFO  [Logs] Key: 0 
2023-02-16 19:22:53,291 INFO  [Logs] Data: VOICE 
2023-02-16 19:22:53,291 INFO  [Logs] Amount: 10 
2023-02-16 19:22:53,810 INFO  [Logs] Post işlemi başarılı 
2023-02-16 19:22:56,956 INFO  [Logs] MSISDN: 5332221133 
2023-02-16 19:22:56,956 INFO  [Logs] Key: 0 
2023-02-16 19:22:56,956 INFO  [Logs] Data: SMS 
2023-02-16 19:22:56,956 INFO  [Logs] Amount: 1 
2023-02-16 19:22:57,468 INFO  [Logs] Post işlemi başarılı 
2023-02-16 19:23:00,617 INFO  [Logs] MSISDN: 545555555 
2023-02-16 19:23:00,617 INFO  [Logs] Key: 0 
2023-02-16 19:23:00,617 INFO  [Logs] Data: VOICE 
2023-02-16 19:23:00,617 INFO  [Logs] Amount: 337 
2023-02-16 19:23:01,137 INFO  [Logs] Post işlemi başarılı 
2023-02-16 19:23:04,277 INFO  [Logs] MSISDN: 5554443322 
2023-02-16 19:23:04,277 INFO  [Logs] Key: 0 
2023-02-16 19:23:04,277 INFO  [Logs] Data: VOICE 
2023-02-16 19:23:04,277 INFO  [Logs] Amount: 90 
2023-02-16 19:23:04,797 INFO  [Logs] Post işlemi başarılı 
2023-02-16 19:23:07,947 INFO  [Logs] MSISDN: 5554443322 
2023-02-16 19:23:07,947 INFO  [Logs] Key: 0 
2023-02-16 19:23:07,947 INFO  [Logs] Data: SMS 
2023-02-16 19:23:07,947 INFO  [Logs] Amount: 104 
2023-02-16 19:23:08,467 INFO  [Logs] Post işlemi başarılı 
2023-02-16 19:23:11,596 INFO  [Logs] MSISDN: 43533535353 
2023-02-16 19:23:11,596 INFO  [Logs] Key: 0 
2023-02-16 19:23:11,596 INFO  [Logs] Data: DATA 
2023-02-16 19:23:11,596 INFO  [Logs] Amount: 1 
2023-02-16 19:23:12,107 INFO  [Logs] Post işlemi başarılı 
2023-02-16 19:23:15,249 INFO  [Logs] MSISDN: 543625144 
2023-02-16 19:23:15,249 INFO  [Logs] Key: 0 
2023-02-16 19:23:15,249 INFO  [Logs] Data: SMS 
2023-02-16 19:23:15,249 INFO  [Logs] Amount: 598 
2023-02-16 19:23:15,767 INFO  [Logs] Post işlemi başarılı 
2023-02-16 19:23:18,897 INFO  [Logs] MSISDN: 433434334 
2023-02-16 19:23:18,897 INFO  [Logs] Key: 1 
2023-02-16 19:23:18,897 INFO  [Logs] Data: VOICE 
2023-02-16 19:23:18,897 INFO  [Logs] Amount: 1 
2023-02-16 19:23:19,417 INFO  [Logs] Post işlemi başarılı 
2023-02-16 19:23:22,557 INFO  [Logs] MSISDN: 3333333333 
2023-02-16 19:23:22,557 INFO  [Logs] Key: 0 
2023-02-16 19:23:22,557 INFO  [Logs] Data: DATA 
2023-02-16 19:23:22,557 INFO  [Logs] Amount: 122 
2023-02-16 19:23:23,067 INFO  [Logs] Post işlemi başarılı 
